Log file open, 06/19/20 17:26:07
LogInit: Display: Running engine for game: Pinball
LogPlatformFile: Not using cached read wrapper
LogTaskGraph: Started task graph with 5 named threads and 23 total threads with 3 sets of task threads.
LogStats: Stats thread started at 2.212007
LogD3D11RHI: Loaded GFSDK_Aftermath_Lib.x64.dll
LogICUInternationalization: ICU TimeZone Detection - Raw Offset: +5:30, Platform Override: ''
LogPluginManager: Mounting plugin Paper2D
LogPluginManager: Mounting plugin AISupport
LogPluginManager: Mounting plugin LightPropagationVolume
LogPluginManager: Mounting plugin CameraShakePreviewer
LogPluginManager: Mounting plugin ActorLayerUtilities
LogPluginManager: Mounting plugin AnimationSharing
LogPluginManager: Mounting plugin CLionSourceCodeAccess
LogPluginManager: Mounting plugin CodeLiteSourceCodeAccess
LogPluginManager: Mounting plugin GitSourceControl
LogPluginManager: Mounting plugin KDevelopSourceCodeAccess
LogPluginManager: Mounting plugin NullSourceCodeAccess
LogPluginManager: Mounting plugin PerforceSourceControl
LogPluginManager: Mounting plugin PlasticSourceControl
LogPluginManager: Mounting plugin RiderSourceCodeAccess
LogPluginManager: Mounting plugin SubversionSourceControl
LogPluginManager: Mounting plugin UObjectPlugin
LogPluginManager: Mounting plugin VisualStudioCodeSourceCodeAccess
LogPluginManager: Mounting plugin VisualStudioSourceCodeAccess
LogPluginManager: Mounting plugin XCodeSourceCodeAccess
LogPluginManager: Mounting plugin AssetManagerEditor
LogPluginManager: Mounting plugin CryptoKeys
LogPluginManager: Mounting plugin CurveEditorTools
LogPluginManager: Mounting plugin DataValidation
LogPluginManager: Mounting plugin EditorScriptingUtilities
LogPluginManager: Mounting plugin FacialAnimation
LogPluginManager: Mounting plugin GameplayTagsEditor
LogPluginManager: Mounting plugin GeometryMode
LogPluginManager: Mounting plugin MacGraphicsSwitching
LogPluginManager: Mounting plugin MaterialAnalyzer
LogPluginManager: Mounting plugin MobileLauncherProfileWizard
LogPluginManager: Mounting plugin PluginBrowser
LogPluginManager: Mounting plugin SpeedTreeImporter
LogPluginManager: Mounting plugin DatasmithContent
LogPluginManager: Mounting plugin VariantManagerContent
LogPluginManager: Mounting plugin AlembicImporter
LogPluginManager: Mounting plugin AutomationUtils
LogPluginManager: Mounting plugin BackChannel
LogPluginManager: Mounting plugin ChaosCloth
LogPluginManager: Mounting plugin ChaosClothEditor
LogPluginManager: Mounting plugin ChaosEditor
LogPluginManager: Mounting plugin ChaosNiagara
LogPluginManager: Mounting plugin ChaosSolverPlugin
LogPluginManager: Mounting plugin CharacterAI
LogPluginManager: Mounting plugin GeometryCache
LogPluginManager: Mounting plugin GeometryCollectionPlugin
LogPluginManager: Mounting plugin GeometryProcessing
LogPluginManager: Mounting plugin PlanarCut
LogPluginManager: Mounting plugin PlatformCrypto
LogPluginManager: Mounting plugin ProxyLODPlugin
LogPluginManager: Mounting plugin SkeletalReduction
LogPluginManager: Mounting plugin Niagara
LogPluginManager: Mounting plugin MagicLeap
LogPluginManager: Mounting plugin MagicLeapLightEstimation
LogPluginManager: Mounting plugin MagicLeapMedia
LogPluginManager: Mounting plugin MagicLeapPassableWorld
LogPluginManager: Mounting plugin MLSDK
LogPluginManager: Mounting plugin AndroidMedia
LogPluginManager: Mounting plugin AvfMedia
LogPluginManager: Mounting plugin ImgMedia
LogPluginManager: Mounting plugin MediaCompositing
LogPluginManager: Mounting plugin MediaPlayerEditor
LogPluginManager: Mounting plugin WebMMedia
LogPluginManager: Mounting plugin WmfMedia
LogPluginManager: Mounting plugin MeshPainting
LogPluginManager: Mounting plugin TcpMessaging
LogPluginManager: Mounting plugin UdpMessaging
LogPluginManager: Mounting plugin ActorSequence
LogPluginManager: Mounting plugin LevelSequenceEditor
LogPluginManager: Mounting plugin MatineeToLevelSequence
LogPluginManager: Mounting plugin MovieRenderPipeline
LogPluginManager: Mounting plugin TemplateSequence
LogPluginManager: Mounting plugin NetcodeUnitTest
LogPluginManager: Mounting plugin NUTUnrealEngine4
LogPluginManager: Mounting plugin OnlineSubsystemGooglePlay
LogPluginManager: Mounting plugin OnlineSubsystemIOS
LogPluginManager: Mounting plugin OnlineSubsystem
LogPluginManager: Mounting plugin OnlineSubsystemNull
LogPluginManager: Mounting plugin OnlineSubsystemUtils
LogPluginManager: Mounting plugin LauncherChunkInstaller
LogPluginManager: Mounting plugin AndroidDeviceProfileSelector
LogPluginManager: Mounting plugin AndroidMoviePlayer
LogPluginManager: Mounting plugin AndroidPermission
LogPluginManager: Mounting plugin AppleImageUtils
LogPluginManager: Mounting plugin AppleMoviePlayer
LogPluginManager: Mounting plugin ArchVisCharacter
LogPluginManager: Mounting plugin AssetTags
LogPluginManager: Mounting plugin AudioCapture
LogPluginManager: Mounting plugin CableComponent
LogPluginManager: Mounting plugin CustomMeshComponent
LogPluginManager: Mounting plugin EditableMesh
LogPluginManager: Mounting plugin ExampleDeviceProfileSelector
LogPluginManager: Mounting plugin GoogleCloudMessaging
LogPluginManager: Mounting plugin GooglePAD
LogPluginManager: Mounting plugin IOSDeviceProfileSelector
LogPluginManager: Mounting plugin LinuxDeviceProfileSelector
LogPluginManager: Mounting plugin LocationServicesBPLibrary
LogPluginManager: Mounting plugin MobilePatchingUtils
LogPluginManager: Mounting plugin OculusVR
LogPluginManager: Mounting plugin PhysXVehicles
LogPluginManager: Mounting plugin PostSplashScreen
LogPluginManager: Mounting plugin ProceduralMeshComponent
LogPluginManager: Mounting plugin RuntimePhysXCooking
LogPluginManager: Mounting plugin SignificanceManager
LogPluginManager: Mounting plugin SoundFields
LogPluginManager: Mounting plugin SteamVR
LogPluginManager: Mounting plugin Synthesis
LogPluginManager: Mounting plugin WebMMoviePlayer
LogPluginManager: Mounting plugin WindowsMoviePlayer
LogPluginManager: Mounting plugin ScreenshotTools
LogInit: Using libcurl 7.55.1-DEV
LogInit:  - built for x86_64-pc-win32
LogInit:  - supports SSL with OpenSSL/1.1.1
LogInit:  - supports HTTP deflate (compression) using libz 1.2.8
LogInit:  - other features:
LogInit:      CURL_VERSION_SSL
LogInit:      CURL_VERSION_LIBZ
LogInit:      CURL_VERSION_IPV6
LogInit:      CURL_VERSION_ASYNCHDNS
LogInit:      CURL_VERSION_LARGEFILE
LogInit:      CURL_VERSION_IDN
LogInit:  CurlRequestOptions (configurable via config and command line):
LogInit:  - bVerifyPeer = true  - Libcurl will verify peer certificate
LogInit:  - bUseHttpProxy = false  - Libcurl will NOT use HTTP proxy
LogInit:  - bDontReuseConnections = false  - Libcurl will reuse connections
LogInit:  - MaxHostConnections = 16  - Libcurl will limit the number of connections to a host
LogInit:  - LocalHostAddr = Default
LogInit:  - BufferSize = 65536
LogOnline: OSS: Creating online subsystem instance for: NULL
LogInit: WinSock: version 1.1 (2.2), MaxSocks=32767, MaxUdp=65467
LogOnline: OSS: TryLoadSubsystemAndSetDefault: Loaded subsystem for module [NULL]
LogInit: Build: ++UE4+Release-4.25-CL-13594126
LogInit: Engine Version: 4.25.1-13594126+++UE4+Release-4.25
LogInit: Compatible Engine Version: 4.25.0-13144385+++UE4+Release-4.25
LogInit: Net CL: 13144385
LogInit: OS: Windows 10 (Release 2004) (), CPU: Intel(R) Core(TM) i5-8300H CPU @ 2.30GHz, GPU: Intel(R) UHD Graphics 630
LogInit: Compiled (64-bit): Jun  2 2020 02:10:36
LogInit: Compiled with Visual C++: 19.24.28315.00
LogInit: Build Configuration: Development
LogInit: Branch Name: ++UE4+Release-4.25
LogInit: Command Line:  /Game/Pinball -game -PIEVIACONSOLE -Multiprocess "GameUserSettingsINI=D:/Testing Unrealengine/UE_Khatri/UnrealEngine_Mudassir/Pinball/Saved/Config/Windows/PIEGameUserSettings0.ini" -MultiprocessSaveConfig -MultiprocessOSS -messaging -SessionName="Play in Standalone Game" -featureleveles31 -faketouches -MultiprocessSaveConfig -windowed -ResX=1280 -ResY=720
LogInit: Base Directory: D:/UE_4.25/Engine/Binaries/Win64/
LogInit: Allocator: TBB
LogInit: Installed Engine Build: 1
LogDevObjectVersion: Number of dev versions registered: 26
LogDevObjectVersion:   Dev-Blueprints (B0D832E4-1F89-4F0D-ACCF-7EB736FD4AA2): 10
LogDevObjectVersion:   Dev-Build (E1C64328-A22C-4D53-A36C-8E866417BD8C): 0
LogDevObjectVersion:   Dev-Core (375EC13C-06E4-48FB-B500-84F0262A717E): 4
LogDevObjectVersion:   Dev-Editor (E4B068ED-F494-42E9-A231-DA0B2E46BB41): 38
LogDevObjectVersion:   Dev-Framework (CFFC743F-43B0-4480-9391-14DF171D2073): 37
LogDevObjectVersion:   Dev-Mobile (B02B49B5-BB20-44E9-A304-32B752E40360): 2
LogDevObjectVersion:   Dev-Networking (A4E4105C-59A1-49B5-A7C5-40C4547EDFEE): 0
LogDevObjectVersion:   Dev-Online (39C831C9-5AE6-47DC-9A44-9C173E1C8E7C): 0
LogDevObjectVersion:   Dev-Physics (78F01B33-EBEA-4F98-B9B4-84EACCB95AA2): 4
LogDevObjectVersion:   Dev-Platform (6631380F-2D4D-43E0-8009-CF276956A95A): 0
LogDevObjectVersion:   Dev-Rendering (12F88B9F-8875-4AFC-A67C-D90C383ABD29): 43
LogDevObjectVersion:   Dev-Sequencer (7B5AE74C-D270-4C10-A958-57980B212A5A): 12
LogDevObjectVersion:   Dev-VR (D7296918-1DD6-4BDD-9DE2-64A83CC13884): 3
LogDevObjectVersion:   Dev-LoadTimes (C2A15278-BFE7-4AFE-6C17-90FF531DF755): 1
LogDevObjectVersion:   Private-Geometry (6EACA3D4-40EC-4CC1-B786-8BED09428FC5): 3
LogDevObjectVersion:   Dev-AnimPhys (29E575DD-E0A3-4627-9D10-D276232CDCEA): 17
LogDevObjectVersion:   Dev-Anim (AF43A65D-7FD3-4947-9873-3E8ED9C1BB05): 7
LogDevObjectVersion:   Dev-ReflectionCapture (6B266CEC-1EC7-4B8F-A30B-E4D90942FC07): 1
LogDevObjectVersion:   Dev-Automation (0DF73D61-A23F-47EA-B727-89E90C41499A): 1
LogDevObjectVersion:   FortniteMain (601D1886-AC64-4F84-AA16-D3DE0DEAC7D6): 31
LogDevObjectVersion:   Dev-Enterprise (9DFFBCD6-494F-0158-E221-12823C92A888): 10
LogDevObjectVersion:   Dev-Niagara (F2AED0AC-9AFE-416F-8664-AA7FFA26D6FC): 1
LogDevObjectVersion:   Dev-Destruction (174F1F0B-B4C6-45A5-B13F-2EE8D0FB917D): 10
LogDevObjectVersion:   Dev-Physics-Ext (35F94A83-E258-406C-A318-09F59610247C): 37
LogDevObjectVersion:   Dev-PhysicsMaterial-Chaos (B68FC16E-8B1B-42E2-B453-215C058844FE): 1
LogDevObjectVersion:   Dev-CineCamera (B2E18506-4273-CFC2-A54E-F4BB758BBA07): 1
LogInit: Presizing for max 25165824 objects, including 0 objects not considered by GC, pre-allocating 0 bytes for permanent pool.
LogConfig: Applying CVar settings from Section [/Script/Engine.StreamingSettings] File [D:/Testing Unrealengine/UE_Khatri/UnrealEngine_Mudassir/Pinball/Saved/Config/Windows/Engine.ini]
LogConfig: Setting CVar [[s.MinBulkDataSizeForAsyncLoading:131072]]
LogConfig: Setting CVar [[s.AsyncLoadingThreadEnabled:0]]
LogConfig: Setting CVar [[s.EventDrivenLoaderEnabled:1]]
LogConfig: Setting CVar [[s.WarnIfTimeLimitExceeded:0]]
LogConfig: Setting CVar [[s.TimeLimitExceededMultiplier:1.5]]
LogConfig: Setting CVar [[s.TimeLimitExceededMinTime:0.005]]
LogConfig: Setting CVar [[s.UseBackgroundLevelStreaming:1]]
LogConfig: Setting CVar [[s.PriorityAsyncLoadingExtraTime:15.0]]
LogConfig: Setting CVar [[s.LevelStreamingActorsUpdateTimeLimit:5.0]]
LogConfig: Setting CVar [[s.PriorityLevelStreamingActorsUpdateExtraTime:5.0]]
LogConfig: Setting CVar [[s.LevelStreamingComponentsRegistrationGranularity:10]]
LogConfig: Setting CVar [[s.UnregisterComponentsTimeLimit:1.0]]
LogConfig: Setting CVar [[s.LevelStreamingComponentsUnregistrationGranularity:5]]
LogConfig: Setting CVar [[s.FlushStreamingOnExit:1]]
LogInit: Object subsystem initialized
LogConfig: Setting CVar [[con.DebugEarlyDefault:1]]
LogConfig: Setting CVar [[r.setres:1280x720]]
[2020.06.19-11.56.07:695][  0]LogConfig: Setting CVar [[con.DebugEarlyDefault:1]]
[2020.06.19-11.56.07:695][  0]LogConfig: Setting CVar [[r.setres:1280x720]]
[2020.06.19-11.56.07:695][  0]LogConfig: Applying CVar settings from Section [/Script/Engine.RendererSettings] File [D:/Testing Unrealengine/UE_Khatri/UnrealEngine_Mudassir/Pinball/Saved/Config/Windows/Engine.ini]
[2020.06.19-11.56.07:695][  0]LogConfig: Setting CVar [[r.GPUCrashDebugging:0]]
[2020.06.19-11.56.07:695][  0]LogConfig: Applying CVar settings from Section [/Script/Engine.RendererOverrideSettings] File [D:/Testing Unrealengine/UE_Khatri/UnrealEngine_Mudassir/Pinball/Saved/Config/Windows/Engine.ini]
[2020.06.19-11.56.07:695][  0]LogConfig: Applying CVar settings from Section [/Script/Engine.StreamingSettings] File [D:/Testing Unrealengine/UE_Khatri/UnrealEngine_Mudassir/Pinball/Saved/Config/Windows/Engine.ini]
[2020.06.19-11.56.07:695][  0]LogConfig: Setting CVar [[s.MinBulkDataSizeForAsyncLoading:131072]]
[2020.06.19-11.56.07:695][  0]LogConfig: Setting CVar [[s.AsyncLoadingThreadEnabled:0]]
[2020.06.19-11.56.07:695][  0]LogConfig: Setting CVar [[s.EventDrivenLoaderEnabled:1]]
[2020.06.19-11.56.07:695][  0]LogConfig: Setting CVar [[s.WarnIfTimeLimitExceeded:0]]
[2020.06.19-11.56.07:695][  0]LogConfig: Setting CVar [[s.TimeLimitExceededMultiplier:1.5]]
[2020.06.19-11.56.07:695][  0]LogConfig: Setting CVar [[s.TimeLimitExceededMinTime:0.005]]
[2020.06.19-11.56.07:695][  0]LogConfig: Setting CVar [[s.UseBackgroundLevelStreaming:1]]
[2020.06.19-11.56.07:695][  0]LogConfig: Setting CVar [[s.PriorityAsyncLoadingExtraTime:15.0]]
[2020.06.19-11.56.07:695][  0]LogConfig: Setting CVar [[s.LevelStreamingActorsUpdateTimeLimit:5.0]]
[2020.06.19-11.56.07:695][  0]LogConfig: Setting CVar [[s.PriorityLevelStreamingActorsUpdateExtraTime:5.0]]
[2020.06.19-11.56.07:695][  0]LogConfig: Setting CVar [[s.LevelStreamingComponentsRegistrationGranularity:10]]
[2020.06.19-11.56.07:695][  0]LogConfig: Setting CVar [[s.UnregisterComponentsTimeLimit:1.0]]
[2020.06.19-11.56.07:695][  0]LogConfig: Setting CVar [[s.LevelStreamingComponentsUnregistrationGranularity:5]]
[2020.06.19-11.56.07:695][  0]LogConfig: Setting CVar [[s.FlushStreamingOnExit:1]]
[2020.06.19-11.56.07:695][  0]LogConfig: Applying CVar settings from Section [/Script/Engine.GarbageCollectionSettings] File [D:/Testing Unrealengine/UE_Khatri/UnrealEngine_Mudassir/Pinball/Saved/Config/Windows/Engine.ini]
[2020.06.19-11.56.07:695][  0]LogConfig: Setting CVar [[gc.MaxObjectsNotConsideredByGC:1]]
[2020.06.19-11.56.07:695][  0]LogConfig: Setting CVar [[gc.SizeOfPermanentObjectPool:0]]
[2020.06.19-11.56.07:695][  0]LogConfig: Setting CVar [[gc.FlushStreamingOnGC:0]]
[2020.06.19-11.56.07:695][  0]LogConfig: Setting CVar [[gc.NumRetriesBeforeForcingGC:10]]
[2020.06.19-11.56.07:695][  0]LogConfig: Setting CVar [[gc.AllowParallelGC:1]]
[2020.06.19-11.56.07:695][  0]LogConfig: Setting CVar [[gc.TimeBetweenPurgingPendingKillObjects:61.1]]
[2020.06.19-11.56.07:695][  0]LogConfig: Setting CVar [[gc.MaxObjectsInEditor:25165824]]
[2020.06.19-11.56.07:696][  0]LogConfig: Setting CVar [[gc.IncrementalBeginDestroyEnabled:1]]
[2020.06.19-11.56.07:696][  0]LogConfig: Setting CVar [[gc.CreateGCClusters:1]]
[2020.06.19-11.56.07:696][  0]LogConfig: Setting CVar [[gc.MinGCClusterSize:5]]
[2020.06.19-11.56.07:696][  0]LogConfig: Setting CVar [[gc.ActorClusteringEnabled:0]]
[2020.06.19-11.56.07:696][  0]LogConfig: Setting CVar [[gc.BlueprintClusteringEnabled:0]]
[2020.06.19-11.56.07:696][  0]LogConfig: Setting CVar [[gc.UseDisregardForGCOnDedicatedServers:0]]
[2020.06.19-11.56.07:696][  0]LogConfig: Applying CVar settings from Section [/Script/Engine.NetworkSettings] File [D:/Testing Unrealengine/UE_Khatri/UnrealEngine_Mudassir/Pinball/Saved/Config/Windows/Engine.ini]
[2020.06.19-11.56.07:696][  0]LogConfig: Applying CVar settings from Section [/Script/UnrealEd.CookerSettings] File [D:/Testing Unrealengine/UE_Khatri/UnrealEngine_Mudassir/Pinball/Saved/Config/Windows/Engine.ini]
[2020.06.19-11.56.07:700][  0]LogConfig: Applying CVar settings from Section [ViewDistanceQuality@3] File [D:/Testing Unrealengine/UE_Khatri/UnrealEngine_Mudassir/Pinball/Saved/Config/Windows/Scalability.ini]
[2020.06.19-11.56.07:700][  0]LogConfig: Setting CVar [[r.SkeletalMeshLODBias:0]]
[2020.06.19-11.56.07:700][  0]LogConfig: Setting CVar [[r.ViewDistanceScale:1.0]]
[2020.06.19-11.56.07:700][  0]LogConfig: Applying CVar settings from Section [AntiAliasingQuality@3] File [D:/Testing Unrealengine/UE_Khatri/UnrealEngine_Mudassir/Pinball/Saved/Config/Windows/Scalability.ini]
[2020.06.19-11.56.07:700][  0]LogConfig: Setting CVar [[r.PostProcessAAQuality:4]]
[2020.06.19-11.56.07:700][  0]LogConfig: Applying CVar settings from Section [ShadowQuality@3] File [D:/Testing Unrealengine/UE_Khatri/UnrealEngine_Mudassir/Pinball/Saved/Config/Windows/Scalability.ini]
[2020.06.19-11.56.07:700][  0]LogConfig: Setting CVar [[r.LightFunctionQuality:1]]
[2020.06.19-11.56.07:700][  0]LogConfig: Setting CVar [[r.ShadowQuality:5]]
[2020.06.19-11.56.07:700][  0]LogConfig: Setting CVar [[r.Shadow.CSM.MaxCascades:10]]
[2020.06.19-11.56.07:700][  0]LogConfig: Setting CVar [[r.Shadow.MaxResolution:2048]]
[2020.06.19-11.56.07:700][  0]LogConfig: Setting CVar [[r.Shadow.MaxCSMResolution:2048]]
[2020.06.19-11.56.07:700][  0]LogConfig: Setting CVar [[r.Shadow.RadiusThreshold:0.01]]
[2020.06.19-11.56.07:700][  0]LogConfig: Setting CVar [[r.Shadow.DistanceScale:1.0]]
[2020.06.19-11.56.07:700][  0]LogConfig: Setting CVar [[r.Shadow.CSM.TransitionScale:1.0]]
[2020.06.19-11.56.07:700][  0]LogConfig: Setting CVar [[r.Shadow.PreShadowResolutionFactor:1.0]]
[2020.06.19-11.56.07:700][  0]LogConfig: Setting CVar [[r.DistanceFieldShadowing:1]]
[2020.06.19-11.56.07:700][  0]LogConfig: Setting CVar [[r.DistanceFieldAO:1]]
[2020.06.19-11.56.07:700][  0]LogConfig: Setting CVar [[r.AOQuality:2]]
[2020.06.19-11.56.07:701][  0]LogConfig: Setting CVar [[r.VolumetricFog:1]]
[2020.06.19-11.56.07:701][  0]LogConfig: Setting CVar [[r.VolumetricFog.GridPixelSize:8]]
[2020.06.19-11.56.07:701][  0]LogConfig: Setting CVar [[r.VolumetricFog.GridSizeZ:128]]
[2020.06.19-11.56.07:701][  0]LogConfig: Setting CVar [[r.VolumetricFog.HistoryMissSupersampleCount:4]]
[2020.06.19-11.56.07:701][  0]LogConfig: Setting CVar [[r.LightMaxDrawDistanceScale:1]]
[2020.06.19-11.56.07:701][  0]LogConfig: Setting CVar [[r.CapsuleShadows:1]]
[2020.06.19-11.56.07:701][  0]LogConfig: Applying CVar settings from Section [PostProcessQuality@3] File [D:/Testing Unrealengine/UE_Khatri/UnrealEngine_Mudassir/Pinball/Saved/Config/Windows/Scalability.ini]
[2020.06.19-11.56.07:701][  0]LogConfig: Setting CVar [[r.MotionBlurQuality:4]]
[2020.06.19-11.56.07:701][  0]LogConfig: Setting CVar [[r.AmbientOcclusionMipLevelFactor:0.4]]
[2020.06.19-11.56.07:701][  0]LogConfig: Setting CVar [[r.AmbientOcclusionMaxQuality:100]]
[2020.06.19-11.56.07:701][  0]LogConfig: Setting CVar [[r.AmbientOcclusionLevels:-1]]
[2020.06.19-11.56.07:701][  0]LogConfig: Setting CVar [[r.AmbientOcclusionRadiusScale:1.0]]
[2020.06.19-11.56.07:701][  0]LogConfig: Setting CVar [[r.DepthOfFieldQuality:2]]
[2020.06.19-11.56.07:701][  0]LogConfig: Setting CVar [[r.RenderTargetPoolMin:400]]
[2020.06.19-11.56.07:701][  0]LogConfig: Setting CVar [[r.LensFlareQuality:2]]
[2020.06.19-11.56.07:701][  0]LogConfig: Setting CVar [[r.SceneColorFringeQuality:1]]
[2020.06.19-11.56.07:701][  0]LogConfig: Setting CVar [[r.EyeAdaptationQuality:2]]
[2020.06.19-11.56.07:701][  0]LogConfig: Setting CVar [[r.BloomQuality:5]]
[2020.06.19-11.56.07:701][  0]LogConfig: Setting CVar [[r.FastBlurThreshold:100]]
[2020.06.19-11.56.07:701][  0]LogConfig: Setting CVar [[r.Upscale.Quality:3]]
[2020.06.19-11.56.07:701][  0]LogConfig: Setting CVar [[r.Tonemapper.GrainQuantization:1]]
[2020.06.19-11.56.07:701][  0]LogConfig: Setting CVar [[r.LightShaftQuality:1]]
[2020.06.19-11.56.07:701][  0]LogConfig: Setting CVar [[r.Filter.SizeScale:1]]
[2020.06.19-11.56.07:701][  0]LogConfig: Setting CVar [[r.Tonemapper.Quality:5]]
[2020.06.19-11.56.07:701][  0]LogConfig: Setting CVar [[r.DOF.Gather.AccumulatorQuality:1        ; higher gathering accumulator quality]]
[2020.06.19-11.56.07:701][  0]LogConfig: Setting CVar [[r.DOF.Gather.PostfilterMethod:1          ; Median3x3 postfilering method]]
[2020.06.19-11.56.07:701][  0]LogConfig: Setting CVar [[r.DOF.Gather.EnableBokehSettings:0       ; no bokeh simulation when gathering]]
[2020.06.19-11.56.07:701][  0]LogConfig: Setting CVar [[r.DOF.Gather.RingCount:4                 ; medium number of samples when gathering]]
[2020.06.19-11.56.07:701][  0]LogConfig: Setting CVar [[r.DOF.Scatter.ForegroundCompositing:1    ; additive foreground scattering]]
[2020.06.19-11.56.07:701][  0]LogConfig: Setting CVar [[r.DOF.Scatter.BackgroundCompositing:2    ; additive background scattering]]
[2020.06.19-11.56.07:701][  0]LogConfig: Setting CVar [[r.DOF.Scatter.EnableBokehSettings:1      ; bokeh simulation when scattering]]
[2020.06.19-11.56.07:701][  0]LogConfig: Setting CVar [[r.DOF.Scatter.MaxSpriteRatio:0.1         ; only a maximum of 10% of scattered bokeh]]
[2020.06.19-11.56.07:701][  0]LogConfig: Setting CVar [[r.DOF.Recombine.Quality:1                ; cheap slight out of focus]]
[2020.06.19-11.56.07:701][  0]LogConfig: Setting CVar [[r.DOF.Recombine.EnableBokehSettings:0    ; no bokeh simulation on slight out of focus]]
[2020.06.19-11.56.07:701][  0]LogConfig: Setting CVar [[r.DOF.TemporalAAQuality:1                ; more stable temporal accumulation]]
[2020.06.19-11.56.07:701][  0]LogConfig: Setting CVar [[r.DOF.Kernel.MaxForegroundRadius:0.025]]
[2020.06.19-11.56.07:701][  0]LogConfig: Setting CVar [[r.DOF.Kernel.MaxBackgroundRadius:0.025]]
[2020.06.19-11.56.07:701][  0]LogConfig: Applying CVar settings from Section [TextureQuality@3] File [D:/Testing Unrealengine/UE_Khatri/UnrealEngine_Mudassir/Pinball/Saved/Config/Windows/Scalability.ini]
[2020.06.19-11.56.07:701][  0]LogConfig: Setting CVar [[r.Streaming.MipBias:0]]
[2020.06.19-11.56.07:701][  0]LogConfig: Setting CVar [[r.Streaming.AmortizeCPUToGPUCopy:0]]
[2020.06.19-11.56.07:701][  0]LogConfig: Setting CVar [[r.Streaming.MaxNumTexturesToStreamPerFrame:0]]
[2020.06.19-11.56.07:702][  0]LogConfig: Setting CVar [[r.Streaming.Boost:1]]
[2020.06.19-11.56.07:702][  0]LogConfig: Setting CVar [[r.MaxAnisotropy:8]]
[2020.06.19-11.56.07:702][  0]LogConfig: Setting CVar [[r.VT.MaxAnisotropy:8]]
[2020.06.19-11.56.07:702][  0]LogConfig: Setting CVar [[r.Streaming.LimitPoolSizeToVRAM:0]]
[2020.06.19-11.56.07:702][  0]LogConfig: Setting CVar [[r.Streaming.PoolSize:1000]]
[2020.06.19-11.56.07:702][  0]LogConfig: Setting CVar [[r.Streaming.MaxEffectiveScreenSize:0]]
[2020.06.19-11.56.07:702][  0]LogConfig: Applying CVar settings from Section [EffectsQuality@3] File [D:/Testing Unrealengine/UE_Khatri/UnrealEngine_Mudassir/Pinball/Saved/Config/Windows/Scalability.ini]
[2020.06.19-11.56.07:702][  0]LogConfig: Setting CVar [[r.TranslucencyLightingVolumeDim:64]]
[2020.06.19-11.56.07:702][  0]LogConfig: Setting CVar [[r.RefractionQuality:2]]
[2020.06.19-11.56.07:702][  0]LogConfig: Setting CVar [[r.SSR.Quality:3]]
[2020.06.19-11.56.07:702][  0]LogConfig: Setting CVar [[r.SSR.HalfResSceneColor:0]]
[2020.06.19-11.56.07:702][  0]LogConfig: Setting CVar [[r.SceneColorFormat:4]]
[2020.06.19-11.56.07:702][  0]LogConfig: Setting CVar [[r.DetailMode:2]]
[2020.06.19-11.56.07:702][  0]LogConfig: Setting CVar [[r.TranslucencyVolumeBlur:1]]
[2020.06.19-11.56.07:702][  0]LogConfig: Setting CVar [[r.MaterialQualityLevel:1 ; High quality]]
[2020.06.19-11.56.07:702][  0]LogConfig: Setting CVar [[r.SSS.Scale:1]]
[2020.06.19-11.56.07:702][  0]LogConfig: Setting CVar [[r.SSS.SampleSet:2]]
[2020.06.19-11.56.07:702][  0]LogConfig: Setting CVar [[r.SSS.Quality:1]]
[2020.06.19-11.56.07:702][  0]LogConfig: Setting CVar [[r.SSS.HalfRes:0]]
[2020.06.19-11.56.07:702][  0]LogConfig: Setting CVar [[r.SSGI.Quality:3]]
[2020.06.19-11.56.07:702][  0]LogConfig: Setting CVar [[r.EmitterSpawnRateScale:1.0]]
[2020.06.19-11.56.07:702][  0]LogConfig: Setting CVar [[r.ParticleLightQuality:2]]
[2020.06.19-11.56.07:702][  0]LogConfig: Setting CVar [[r.SkyAtmosphere.AerialPerspectiveLUT.FastApplyOnOpaque:1 ; Always have FastSkyLUT 1 in this case to avoid wrong sky]]
[2020.06.19-11.56.07:702][  0]LogConfig: Setting CVar [[r.SkyAtmosphere.AerialPerspectiveLUT.SampleCountPerSlice:1]]
[2020.06.19-11.56.07:702][  0]LogConfig: Setting CVar [[r.SkyAtmosphere.AerialPerspectiveLUT.DepthResolution:16.0]]
[2020.06.19-11.56.07:702][  0]LogConfig: Setting CVar [[r.SkyAtmosphere.FastSkyLUT:1]]
[2020.06.19-11.56.07:702][  0]LogConfig: Setting CVar [[r.SkyAtmosphere.FastSkyLUT.SampleCountMin:4.0]]
[2020.06.19-11.56.07:702][  0]LogConfig: Setting CVar [[r.SkyAtmosphere.FastSkyLUT.SampleCountMax:32.0]]
[2020.06.19-11.56.07:702][  0]LogConfig: Setting CVar [[r.SkyAtmosphere.SampleCountMin:4.0]]
[2020.06.19-11.56.07:702][  0]LogConfig: Setting CVar [[r.SkyAtmosphere.SampleCountMax:32.0]]
[2020.06.19-11.56.07:702][  0]LogConfig: Setting CVar [[r.SkyAtmosphere.TransmittanceLUT.UseSmallFormat:0]]
[2020.06.19-11.56.07:702][  0]LogConfig: Setting CVar [[r.SkyAtmosphere.TransmittanceLUT.SampleCount:10.0]]
[2020.06.19-11.56.07:702][  0]LogConfig: Setting CVar [[r.SkyAtmosphere.MultiScatteringLUT.SampleCount:15.0]]
[2020.06.19-11.56.07:702][  0]LogConfig: Applying CVar settings from Section [FoliageQuality@3] File [D:/Testing Unrealengine/UE_Khatri/UnrealEngine_Mudassir/Pinball/Saved/Config/Windows/Scalability.ini]
[2020.06.19-11.56.07:702][  0]LogConfig: Setting CVar [[foliage.DensityScale:1.0]]
[2020.06.19-11.56.07:702][  0]LogConfig: Setting CVar [[grass.DensityScale:1.0]]
[2020.06.19-11.56.07:702][  0]LogConfig: Applying CVar settings from Section [ShadingQuality@3] File [D:/Testing Unrealengine/UE_Khatri/UnrealEngine_Mudassir/Pinball/Saved/Config/Windows/Scalability.ini]
[2020.06.19-11.56.07:703][  0]LogConfig: Setting CVar [[r.HairStrands.SkyLighting.SampleCount:16]]
[2020.06.19-11.56.07:703][  0]LogConfig: Setting CVar [[r.HairStrands.SkyLighting.JitterIntegration:0]]
[2020.06.19-11.56.07:703][  0]LogConfig: Setting CVar [[r.HairStrands.SkyAO.SampleCount:16]]
[2020.06.19-11.56.07:703][  0]LogConfig: Setting CVar [[r.HairStrands.DeepShadow.SuperSampling:0]]
[2020.06.19-11.56.07:703][  0]LogConfig: Setting CVar [[r.HairStrands.VisibilityPPLL:0]]
[2020.06.19-11.56.07:703][  0]LogConfig: Setting CVar [[r.HairStrands.RasterizationScale:0.5]]
[2020.06.19-11.56.07:703][  0]LogConfig: Setting CVar [[r.HairStrands.VelocityRasterizationScale:1]]
[2020.06.19-11.56.07:703][  0]LogInit: Selected Device Profile: [Windows]
[2020.06.19-11.56.07:703][  0]LogInit: Applying CVar settings loaded from the selected device profile: [Windows]
[2020.06.19-11.56.07:703][  0]LogHAL: Display: Platform has ~ 8 GB [8424574976 / 8589934592 / 8], which maps to Default [LargestMinGB=32, LargerMinGB=12, DefaultMinGB=8, SmallerMinGB=6, SmallestMinGB=0)
[2020.06.19-11.56.07:703][  0]LogInit: Going up to parent DeviceProfile []
[2020.06.19-11.56.07:703][  0]LogConfig: Applying CVar settings from Section [ViewDistanceQuality@3] File [D:/Testing Unrealengine/UE_Khatri/UnrealEngine_Mudassir/Pinball/Saved/Config/Windows/Scalability.ini]
[2020.06.19-11.56.07:703][  0]LogConfig: Setting CVar [[r.SkeletalMeshLODBias:0]]
[2020.06.19-11.56.07:703][  0]LogConfig: Setting CVar [[r.ViewDistanceScale:1.0]]
[2020.06.19-11.56.07:703][  0]LogConfig: Applying CVar settings from Section [AntiAliasingQuality@3] File [D:/Testing Unrealengine/UE_Khatri/UnrealEngine_Mudassir/Pinball/Saved/Config/Windows/Scalability.ini]
[2020.06.19-11.56.07:703][  0]LogConfig: Setting CVar [[r.PostProcessAAQuality:4]]
[2020.06.19-11.56.07:703][  0]LogConfig: Applying CVar settings from Section [ShadowQuality@3] File [D:/Testing Unrealengine/UE_Khatri/UnrealEngine_Mudassir/Pinball/Saved/Config/Windows/Scalability.ini]
[2020.06.19-11.56.07:703][  0]LogConfig: Setting CVar [[r.LightFunctionQuality:1]]
[2020.06.19-11.56.07:703][  0]LogConfig: Setting CVar [[r.ShadowQuality:5]]
[2020.06.19-11.56.07:703][  0]LogConfig: Setting CVar [[r.Shadow.CSM.MaxCascades:10]]
[2020.06.19-11.56.07:704][  0]LogConfig: Setting CVar [[r.Shadow.MaxResolution:2048]]
[2020.06.19-11.56.07:704][  0]LogConfig: Setting CVar [[r.Shadow.MaxCSMResolution:2048]]
[2020.06.19-11.56.07:704][  0]LogConfig: Setting CVar [[r.Shadow.RadiusThreshold:0.01]]
[2020.06.19-11.56.07:704][  0]LogConfig: Setting CVar [[r.Shadow.DistanceScale:1.0]]
[2020.06.19-11.56.07:704][  0]LogConfig: Setting CVar [[r.Shadow.CSM.TransitionScale:1.0]]
[2020.06.19-11.56.07:704][  0]LogConfig: Setting CVar [[r.Shadow.PreShadowResolutionFactor:1.0]]
[2020.06.19-11.56.07:704][  0]LogConfig: Setting CVar [[r.DistanceFieldShadowing:1]]
[2020.06.19-11.56.07:704][  0]LogConfig: Setting CVar [[r.DistanceFieldAO:1]]
[2020.06.19-11.56.07:704][  0]LogConfig: Setting CVar [[r.AOQuality:2]]
[2020.06.19-11.56.07:704][  0]LogConfig: Setting CVar [[r.VolumetricFog:1]]
[2020.06.19-11.56.07:704][  0]LogConfig: Setting CVar [[r.VolumetricFog.GridPixelSize:8]]
[2020.06.19-11.56.07:704][  0]LogConfig: Setting CVar [[r.VolumetricFog.GridSizeZ:128]]
[2020.06.19-11.56.07:704][  0]LogConfig: Setting CVar [[r.VolumetricFog.HistoryMissSupersampleCount:4]]
[2020.06.19-11.56.07:704][  0]LogConfig: Setting CVar [[r.LightMaxDrawDistanceScale:1]]
[2020.06.19-11.56.07:704][  0]LogConfig: Setting CVar [[r.CapsuleShadows:1]]
[2020.06.19-11.56.07:704][  0]LogConfig: Applying CVar settings from Section [PostProcessQuality@3] File [D:/Testing Unrealengine/UE_Khatri/UnrealEngine_Mudassir/Pinball/Saved/Config/Windows/Scalability.ini]
[2020.06.19-11.56.07:704][  0]LogConfig: Setting CVar [[r.MotionBlurQuality:4]]
[2020.06.19-11.56.07:704][  0]LogConfig: Setting CVar [[r.AmbientOcclusionMipLevelFactor:0.4]]
[2020.06.19-11.56.07:704][  0]LogConfig: Setting CVar [[r.AmbientOcclusionMaxQuality:100]]
[2020.06.19-11.56.07:704][  0]LogConfig: Setting CVar [[r.AmbientOcclusionLevels:-1]]
[2020.06.19-11.56.07:704][  0]LogConfig: Setting CVar [[r.AmbientOcclusionRadiusScale:1.0]]
[2020.06.19-11.56.07:704][  0]LogConfig: Setting CVar [[r.DepthOfFieldQuality:2]]
[2020.06.19-11.56.07:704][  0]LogConfig: Setting CVar [[r.RenderTargetPoolMin:400]]
[2020.06.19-11.56.07:704][  0]LogConfig: Setting CVar [[r.LensFlareQuality:2]]
[2020.06.19-11.56.07:704][  0]LogConfig: Setting CVar [[r.SceneColorFringeQuality:1]]
[2020.06.19-11.56.07:704][  0]LogConfig: Setting CVar [[r.EyeAdaptationQuality:2]]
[2020.06.19-11.56.07:704][  0]LogConfig: Setting CVar [[r.BloomQuality:5]]
[2020.06.19-11.56.07:704][  0]LogConfig: Setting CVar [[r.FastBlurThreshold:100]]
[2020.06.19-11.56.07:704][  0]LogConfig: Setting CVar [[r.Upscale.Quality:3]]
[2020.06.19-11.56.07:704][  0]LogConfig: Setting CVar [[r.Tonemapper.GrainQuantization:1]]
[2020.06.19-11.56.07:704][  0]LogConfig: Setting CVar [[r.LightShaftQuality:1]]
[2020.06.19-11.56.07:704][  0]LogConfig: Setting CVar [[r.Filter.SizeScale:1]]
[2020.06.19-11.56.07:704][  0]LogConfig: Setting CVar [[r.Tonemapper.Quality:5]]
[2020.06.19-11.56.07:704][  0]LogConfig: Setting CVar [[r.DOF.Gather.AccumulatorQuality:1        ; higher gathering accumulator quality]]
[2020.06.19-11.56.07:704][  0]LogConfig: Setting CVar [[r.DOF.Gather.PostfilterMethod:1          ; Median3x3 postfilering method]]
[2020.06.19-11.56.07:704][  0]LogConfig: Setting CVar [[r.DOF.Gather.EnableBokehSettings:0       ; no bokeh simulation when gathering]]
[2020.06.19-11.56.07:704][  0]LogConfig: Setting CVar [[r.DOF.Gather.RingCount:4                 ; medium number of samples when gathering]]
[2020.06.19-11.56.07:704][  0]LogConfig: Setting CVar [[r.DOF.Scatter.ForegroundCompositing:1    ; additive foreground scattering]]
[2020.06.19-11.56.07:704][  0]LogConfig: Setting CVar [[r.DOF.Scatter.BackgroundCompositing:2    ; additive background scattering]]
[2020.06.19-11.56.07:704][  0]LogConfig: Setting CVar [[r.DOF.Scatter.EnableBokehSettings:1      ; bokeh simulation when scattering]]
[2020.06.19-11.56.07:704][  0]LogConfig: Setting CVar [[r.DOF.Scatter.MaxSpriteRatio:0.1         ; only a maximum of 10% of scattered bokeh]]
[2020.06.19-11.56.07:704][  0]LogConfig: Setting CVar [[r.DOF.Recombine.Quality:1                ; cheap slight out of focus]]
[2020.06.19-11.56.07:704][  0]LogConfig: Setting CVar [[r.DOF.Recombine.EnableBokehSettings:0    ; no bokeh simulation on slight out of focus]]
[2020.06.19-11.56.07:704][  0]LogConfig: Setting CVar [[r.DOF.TemporalAAQuality:1                ; more stable temporal accumulation]]
[2020.06.19-11.56.07:704][  0]LogConfig: Setting CVar [[r.DOF.Kernel.MaxForegroundRadius:0.025]]
[2020.06.19-11.56.07:704][  0]LogConfig: Setting CVar [[r.DOF.Kernel.MaxBackgroundRadius:0.025]]
[2020.06.19-11.56.07:704][  0]LogConfig: Applying CVar settings from Section [TextureQuality@3] File [D:/Testing Unrealengine/UE_Khatri/UnrealEngine_Mudassir/Pinball/Saved/Config/Windows/Scalability.ini]
[2020.06.19-11.56.07:704][  0]LogConfig: Setting CVar [[r.Streaming.MipBias:0]]
[2020.06.19-11.56.07:704][  0]LogConfig: Setting CVar [[r.Streaming.AmortizeCPUToGPUCopy:0]]
[2020.06.19-11.56.07:705][  0]LogConfig: Setting CVar [[r.Streaming.MaxNumTexturesToStreamPerFrame:0]]
[2020.06.19-11.56.07:705][  0]LogConfig: Setting CVar [[r.Streaming.Boost:1]]
[2020.06.19-11.56.07:705][  0]LogConfig: Setting CVar [[r.MaxAnisotropy:8]]
[2020.06.19-11.56.07:705][  0]LogConfig: Setting CVar [[r.VT.MaxAnisotropy:8]]
[2020.06.19-11.56.07:705][  0]LogConfig: Setting CVar [[r.Streaming.LimitPoolSizeToVRAM:0]]
[2020.06.19-11.56.07:705][  0]LogConfig: Setting CVar [[r.Streaming.PoolSize:1000]]
[2020.06.19-11.56.07:705][  0]LogConfig: Setting CVar [[r.Streaming.MaxEffectiveScreenSize:0]]
[2020.06.19-11.56.07:705][  0]LogConfig: Applying CVar settings from Section [EffectsQuality@3] File [D:/Testing Unrealengine/UE_Khatri/UnrealEngine_Mudassir/Pinball/Saved/Config/Windows/Scalability.ini]
[2020.06.19-11.56.07:705][  0]LogConfig: Setting CVar [[r.TranslucencyLightingVolumeDim:64]]
[2020.06.19-11.56.07:705][  0]LogConfig: Setting CVar [[r.RefractionQuality:2]]
[2020.06.19-11.56.07:705][  0]LogConfig: Setting CVar [[r.SSR.Quality:3]]
[2020.06.19-11.56.07:705][  0]LogConfig: Setting CVar [[r.SSR.HalfResSceneColor:0]]
[2020.06.19-11.56.07:705][  0]LogConfig: Setting CVar [[r.SceneColorFormat:4]]
[2020.06.19-11.56.07:705][  0]LogConfig: Setting CVar [[r.DetailMode:2]]
[2020.06.19-11.56.07:705][  0]LogConfig: Setting CVar [[r.TranslucencyVolumeBlur:1]]
[2020.06.19-11.56.07:705][  0]LogConfig: Setting CVar [[r.MaterialQualityLevel:1 ; High quality]]
[2020.06.19-11.56.07:705][  0]LogConfig: Setting CVar [[r.SSS.Scale:1]]
[2020.06.19-11.56.07:705][  0]LogConfig: Setting CVar [[r.SSS.SampleSet:2]]
[2020.06.19-11.56.07:705][  0]LogConfig: Setting CVar [[r.SSS.Quality:1]]
[2020.06.19-11.56.07:705][  0]LogConfig: Setting CVar [[r.SSS.HalfRes:0]]
[2020.06.19-11.56.07:705][  0]LogConfig: Setting CVar [[r.SSGI.Quality:3]]
[2020.06.19-11.56.07:705][  0]LogConfig: Setting CVar [[r.EmitterSpawnRateScale:1.0]]
[2020.06.19-11.56.07:705][  0]LogConfig: Setting CVar [[r.ParticleLightQuality:2]]
[2020.06.19-11.56.07:705][  0]LogConfig: Setting CVar [[r.SkyAtmosphere.AerialPerspectiveLUT.FastApplyOnOpaque:1 ; Always have FastSkyLUT 1 in this case to avoid wrong sky]]
[2020.06.19-11.56.07:705][  0]LogConfig: Setting CVar [[r.SkyAtmosphere.AerialPerspectiveLUT.SampleCountPerSlice:1]]
[2020.06.19-11.56.07:705][  0]LogConfig: Setting CVar [[r.SkyAtmosphere.AerialPerspectiveLUT.DepthResolution:16.0]]
[2020.06.19-11.56.07:705][  0]LogConfig: Setting CVar [[r.SkyAtmosphere.FastSkyLUT:1]]
[2020.06.19-11.56.07:705][  0]LogConfig: Setting CVar [[r.SkyAtmosphere.FastSkyLUT.SampleCountMin:4.0]]
[2020.06.19-11.56.07:705][  0]LogConfig: Setting CVar [[r.SkyAtmosphere.FastSkyLUT.SampleCountMax:32.0]]
[2020.06.19-11.56.07:705][  0]LogConfig: Setting CVar [[r.SkyAtmosphere.SampleCountMin:4.0]]
[2020.06.19-11.56.07:705][  0]LogConfig: Setting CVar [[r.SkyAtmosphere.SampleCountMax:32.0]]
[2020.06.19-11.56.07:705][  0]LogConfig: Setting CVar [[r.SkyAtmosphere.TransmittanceLUT.UseSmallFormat:0]]
[2020.06.19-11.56.07:705][  0]LogConfig: Setting CVar [[r.SkyAtmosphere.TransmittanceLUT.SampleCount:10.0]]
[2020.06.19-11.56.07:705][  0]LogConfig: Setting CVar [[r.SkyAtmosphere.MultiScatteringLUT.SampleCount:15.0]]
[2020.06.19-11.56.07:705][  0]LogConfig: Applying CVar settings from Section [FoliageQuality@3] File [D:/Testing Unrealengine/UE_Khatri/UnrealEngine_Mudassir/Pinball/Saved/Config/Windows/Scalability.ini]
[2020.06.19-11.56.07:705][  0]LogConfig: Setting CVar [[foliage.DensityScale:1.0]]
[2020.06.19-11.56.07:705][  0]LogConfig: Setting CVar [[grass.DensityScale:1.0]]
[2020.06.19-11.56.07:706][  0]LogConfig: Applying CVar settings from Section [ShadingQuality@3] File [D:/Testing Unrealengine/UE_Khatri/UnrealEngine_Mudassir/Pinball/Saved/Config/Windows/Scalability.ini]
[2020.06.19-11.56.07:706][  0]LogConfig: Setting CVar [[r.HairStrands.SkyLighting.SampleCount:16]]
[2020.06.19-11.56.07:706][  0]LogConfig: Setting CVar [[r.HairStrands.SkyLighting.JitterIntegration:0]]
[2020.06.19-11.56.07:706][  0]LogConfig: Setting CVar [[r.HairStrands.SkyAO.SampleCount:16]]
[2020.06.19-11.56.07:706][  0]LogConfig: Setting CVar [[r.HairStrands.DeepShadow.SuperSampling:0]]
[2020.06.19-11.56.07:706][  0]LogConfig: Setting CVar [[r.HairStrands.VisibilityPPLL:0]]
[2020.06.19-11.56.07:706][  0]LogConfig: Setting CVar [[r.HairStrands.RasterizationScale:0.5]]
[2020.06.19-11.56.07:706][  0]LogConfig: Setting CVar [[r.HairStrands.VelocityRasterizationScale:1]]
[2020.06.19-11.56.07:706][  0]LogConfig: Applying CVar settings from Section [Startup] File [../../../Engine/Config/ConsoleVariables.ini]
[2020.06.19-11.56.07:706][  0]LogConfig: Setting CVar [[net.UseAdaptiveNetUpdateFrequency:0]]
[2020.06.19-11.56.07:706][  0]LogConfig: Setting CVar [[p.chaos.AllowCreatePhysxBodies:1]]
[2020.06.19-11.56.07:706][  0]LogConfig: Setting CVar [[fx.SkipVectorVMBackendOptimizations:1]]
[2020.06.19-11.56.07:706][  0]LogConfig: Applying CVar settings from Section [ConsoleVariables] File [D:/Testing Unrealengine/UE_Khatri/UnrealEngine_Mudassir/Pinball/Saved/Config/Windows/Engine.ini]
[2020.06.19-11.56.07:706][  0]LogInit: Computer: DESKTOP-7QVL6SO
[2020.06.19-11.56.07:706][  0]LogInit: User: Karunesh
[2020.06.19-11.56.07:706][  0]LogInit: CPU Page size=4096, Cores=4
[2020.06.19-11.56.07:706][  0]LogInit: High frequency timer resolution =10.000000 MHz
[2020.06.19-11.56.07:707][  0]LogMemory: Memory total: Physical=7.8GB (8GB approx)
[2020.06.19-11.56.07:707][  0]LogMemory: Platform Memory Stats for Windows
[2020.06.19-11.56.07:707][  0]LogMemory: Process Physical Memory: 115.55 MB used, 115.55 MB peak
[2020.06.19-11.56.07:707][  0]LogMemory: Process Virtual Memory: 96.41 MB used, 96.41 MB peak
[2020.06.19-11.56.07:707][  0]LogMemory: Physical Memory: 5863.52 MB used,  2170.78 MB free, 8034.30 MB total
[2020.06.19-11.56.07:707][  0]LogMemory: Virtual Memory: 5145.27 MB used,  134212584.00 MB free, 134217728.00 MB total
[2020.06.19-11.56.07:717][  0]LogWindows: WindowsPlatformFeatures enabled
[2020.06.19-11.56.07:782][  0]LogInit: Physics initialised using underlying interface: PhysX
[2020.06.19-11.56.07:782][  0]LogInit: Using OS detected language (en-US).
[2020.06.19-11.56.07:782][  0]LogInit: Using OS detected locale (en-US).
[2020.06.19-11.56.07:786][  0]LogTextLocalizationManager: No specific localization for 'en-US' exists, so the 'en' localization will be used.
[2020.06.19-11.56.08:129][  0]LogSlate: New Slate User Created.  User Index 0, Is Virtual User: 0
[2020.06.19-11.56.08:129][  0]LogSlate: Slate User Registered.  User Index 0, Is Virtual User: 0
[2020.06.19-11.56.08:169][  0]LogHMD: Failed to initialize OpenVR with code 110
[2020.06.19-11.56.08:169][  0]LogD3D11RHI: D3D11 min allowed feature level: 11_0
[2020.06.19-11.56.08:169][  0]LogD3D11RHI: D3D11 max allowed feature level: 11_0
[2020.06.19-11.56.08:169][  0]LogD3D11RHI: D3D11 adapters:
[2020.06.19-11.56.08:301][  0]LogD3D11RHI:    0. 'NVIDIA GeForce GTX 1050 Ti' (Feature Level 11_0)
[2020.06.19-11.56.08:301][  0]LogD3D11RHI:       4018/0/4017 MB DedicatedVideo/DedicatedSystem/SharedSystem, Outputs:1, VendorId:0x10de
[2020.06.19-11.56.08:325][  0]LogD3D11RHI:    1. 'Intel(R) UHD Graphics 630' (Feature Level 11_0)
[2020.06.19-11.56.08:325][  0]LogD3D11RHI:       128/0/4017 MB DedicatedVideo/DedicatedSystem/SharedSystem, Outputs:0, VendorId:0x8086
[2020.06.19-11.56.08:328][  0]LogD3D11RHI:    2. 'Microsoft Basic Render Driver' (Feature Level 11_0)
[2020.06.19-11.56.08:328][  0]LogD3D11RHI:       0/0/4017 MB DedicatedVideo/DedicatedSystem/SharedSystem, Outputs:0, VendorId:0x1414
[2020.06.19-11.56.08:328][  0]LogD3D11RHI: Chosen D3D11 Adapter: 0
[2020.06.19-11.56.08:350][  0]LogD3D11RHI: Creating new Direct3DDevice
[2020.06.19-11.56.08:350][  0]LogD3D11RHI:     GPU DeviceId: 0x1c8c (for the marketing name, search the web for "GPU Device Id")
[2020.06.19-11.56.08:350][  0]LogWindows: EnumDisplayDevices:
[2020.06.19-11.56.08:350][  0]LogWindows:    0. 'Intel(R) UHD Graphics 630' (P:1 D:1)
[2020.06.19-11.56.08:351][  0]LogWindows:    1. 'Intel(R) UHD Graphics 630' (P:0 D:0)
[2020.06.19-11.56.08:351][  0]LogWindows:    2. 'Intel(R) UHD Graphics 630' (P:0 D:0)
[2020.06.19-11.56.08:352][  0]LogWindows:    3. 'NVIDIA GeForce GTX 1050 Ti' (P:0 D:0)
[2020.06.19-11.56.08:352][  0]LogWindows: DebugString: PrimaryIsNotTheChoosenAdapter PrimaryIsNotTheChoosenAdapter PrimaryIsNotTheChoosenAdapter 
[2020.06.19-11.56.08:352][  0]LogD3D11RHI:     Adapter Name: NVIDIA GeForce GTX 1050 Ti
[2020.06.19-11.56.08:352][  0]LogD3D11RHI:   Driver Version: 446.14 (internal:26.21.14.4614, unified:446.14)
[2020.06.19-11.56.08:352][  0]LogD3D11RHI:      Driver Date: 5-15-2020
[2020.06.19-11.56.08:352][  0]LogRHI: Texture pool is 2812 MB (70% of 4018 MB)
[2020.06.19-11.56.08:442][  0]LogD3D11RHI: RHI has support for 64 bit atomics
[2020.06.19-11.56.08:443][  0]LogD3D11RHI: Async texture creation enabled
[2020.06.19-11.56.08:443][  0]LogD3D11RHI: Array index from any shader is supported
[2020.06.19-11.56.08:466][  0]LogD3D11RHI: GPU Timing Frequency: 1000.000000 (Debug: 2 1)
[2020.06.19-11.56.09:002][  0]LogTargetPlatformManager: Display: Loaded TargetPlatform 'WindowsNoEditor'
[2020.06.19-11.56.09:009][  0]LogTargetPlatformManager: Display: Loaded TargetPlatform 'Windows'
[2020.06.19-11.56.09:023][  0]LogTargetPlatformManager: Display: Loaded TargetPlatform 'WindowsClient'
[2020.06.19-11.56.09:036][  0]LogTargetPlatformManager: Display: Loaded TargetPlatform 'WindowsServer'
[2020.06.19-11.56.09:036][  0]LogTargetPlatformManager: Display: Building Assets For Windows
[2020.06.19-11.56.09:048][  0]LogAudioDebug: Display: Lib vorbis DLL was dynamically loaded.
[2020.06.19-11.56.09:137][  0]LogShaderCompilers: Guid format shader working directory is -23 characters bigger than the processId version (../../../../Testing Unrealengine/UE_Khatri/UnrealEngine_Mudassir/Pinball/Intermediate/Shaders/WorkingDirectory/8500/).
[2020.06.19-11.56.09:137][  0]LogShaderCompilers: Cleaned the shader compiler working directory 'C:/Users/Karunesh/AppData/Local/Temp/UnrealShaderWorkingDir/D262BE634201CAAEAF907B9A9A34A2DF/'.
[2020.06.19-11.56.09:138][  0]LogXGEController: Cannot use XGE Controller as Incredibuild is not installed on this machine.
[2020.06.19-11.56.09:138][  0]LogShaderCompilers: Cannot use XGE Shader Compiler as Incredibuild is not installed on this machine.
[2020.06.19-11.56.09:138][  0]LogShaderCompilers: Display: Using Local Shader Compiler.
[2020.06.19-11.56.10:160][  0]LogDerivedDataCache: Display: Max Cache Size: 512 MB
[2020.06.19-11.56.10:234][  0]LogDerivedDataCache: Loaded boot cache 0.07s 75MB C:/Users/Karunesh/AppData/Local/UnrealEngine/4.25/DerivedDataCache/Boot.ddc.
[2020.06.19-11.56.10:234][  0]LogDerivedDataCache: Display: Loaded Boot cache: C:/Users/Karunesh/AppData/Local/UnrealEngine/4.25/DerivedDataCache/Boot.ddc
[2020.06.19-11.56.10:234][  0]LogDerivedDataCache: FDerivedDataBackendGraph:  Pak pak cache file ../../../../Testing Unrealengine/UE_Khatri/UnrealEngine_Mudassir/Pinball/DerivedDataCache/DDC.ddp not found, will not use a pak cache.
[2020.06.19-11.56.10:234][  0]LogDerivedDataCache: Unable to find inner node Pak for hierarchical cache Hierarchy.
[2020.06.19-11.56.10:234][  0]LogDerivedDataCache: FDerivedDataBackendGraph:  CompressedPak pak cache file ../../../../Testing Unrealengine/UE_Khatri/UnrealEngine_Mudassir/Pinball/DerivedDataCache/Compressed.ddp not found, will not use a pak cache.
[2020.06.19-11.56.10:235][  0]LogDerivedDataCache: Unable to find inner node CompressedPak for hierarchical cache Hierarchy.
[2020.06.19-11.56.10:251][  0]LogDerivedDataCache: Display: Pak cache opened for reading ../../../Engine/DerivedDataCache/Compressed.ddp.
[2020.06.19-11.56.10:251][  0]LogDerivedDataCache: FDerivedDataBackendGraph:  EnterprisePak pak cache file ../../../Enterprise/DerivedDataCache/Compressed.ddp not found, will not use a pak cache.
[2020.06.19-11.56.10:251][  0]LogDerivedDataCache: Unable to find inner node EnterprisePak for hierarchical cache Hierarchy.
[2020.06.19-11.56.10:253][  0]LogDerivedDataCache: Using Local data cache path C:/Users/Karunesh/AppData/Local/UnrealEngine/Common/DerivedDataCache: Writable
[2020.06.19-11.56.10:253][  0]LogDerivedDataCache: Shared data cache path not found in *engine.ini, will not use an Shared cache.
[2020.06.19-11.56.10:253][  0]LogDerivedDataCache: Unable to find inner node Shared for hierarchical cache Hierarchy.
[2020.06.19-11.56.10:889][  0]LogShaderCompilers: Display: Worker (1/5): shaders left to compile 494
[2020.06.19-11.56.10:889][  0]LogShaderCompilers: Display: Worker (2/5): shaders left to compile 493
[2020.06.19-11.56.10:889][  0]LogShaderCompilers: Display: Worker (3/5): shaders left to compile 492
[2020.06.19-11.56.10:889][  0]LogShaderCompilers: Display: Worker (4/5): shaders left to compile 491
[2020.06.19-11.56.10:889][  0]LogShaderCompilers: Display: Worker (5/5): shaders left to compile 490
[2020.06.19-11.56.10:889][  0]LogSlate: Using FreeType 2.10.0
[2020.06.19-11.56.10:889][  0]LogSlate: SlateFontServices - WITH_FREETYPE: 1, WITH_HARFBUZZ: 1
[2020.06.19-11.56.11:481][  0]LogShaderCompilers: Display: Worker (3/5): shaders left to compile 489
[2020.06.19-11.56.11:481][  0]LogShaderCompilers: Display: Worker (2/5): shaders left to compile 488
[2020.06.19-11.56.11:481][  0]LogShaderCompilers: Display: Worker (4/5): shaders left to compile 487
[2020.06.19-11.56.11:481][  0]LogShaderCompilers: Display: Worker (5/5): shaders left to compile 486
[2020.06.19-11.56.11:481][  0]LogShaderCompilers: Display: Worker (1/5): shaders left to compile 485
[2020.06.19-11.56.11:481][  0]LogShaderCompilers: Display: Worker (3/5): shaders left to compile 484
[2020.06.19-11.56.12:039][  0]LogShaderCompilers: Display: Worker (4/5): shaders left to compile 483
[2020.06.19-11.56.12:039][  0]LogShaderCompilers: Display: Worker (2/5): shaders left to compile 482
[2020.06.19-11.56.12:039][  0]LogShaderCompilers: Display: Worker (3/5): shaders left to compile 481
[2020.06.19-11.56.12:039][  0]LogShaderCompilers: Display: Worker (1/5): shaders left to compile 480
[2020.06.19-11.56.12:039][  0]LogShaderCompilers: Display: Worker (5/5): shaders left to compile 479
[2020.06.19-11.56.12:039][  0]LogShaderCompilers: Display: Worker (4/5): shaders left to compile 478
[2020.06.19-11.56.12:039][  0]LogShaderCompilers: Display: Worker (2/5): shaders left to compile 477
[2020.06.19-11.56.12:039][  0]LogShaderCompilers: Display: Worker (3/5): shaders left to compile 476
[2020.06.19-11.56.12:039][  0]LogShaderCompilers: Display: Worker (5/5): shaders left to compile 475
[2020.06.19-11.56.12:039][  0]LogShaderCompilers: Display: Worker (1/5): shaders left to compile 474
[2020.06.19-11.56.12:039][  0]LogShaderCompilers: Display: Worker (4/5): shaders left to compile 473
[2020.06.19-11.56.12:039][  0]LogShaderCompilers: Display: Worker (2/5): shaders left to compile 472
[2020.06.19-11.56.12:039][  0]LogShaderCompilers: Display: Worker (1/5): shaders left to compile 471
[2020.06.19-11.56.12:039][  0]LogShaderCompilers: Display: Worker (3/5): shaders left to compile 470
[2020.06.19-11.56.12:039][  0]LogShaderCompilers: Display: Worker (5/5): shaders left to compile 469
[2020.06.19-11.56.12:598][  0]LogShaderCompilers: Display: Worker (4/5): shaders left to compile 468
[2020.06.19-11.56.12:598][  0]LogShaderCompilers: Display: Worker (2/5): shaders left to compile 467
[2020.06.19-11.56.12:598][  0]LogShaderCompilers: Display: Worker (1/5): shaders left to compile 466
[2020.06.19-11.56.12:598][  0]LogShaderCompilers: Display: Worker (3/5): shaders left to compile 465
[2020.06.19-11.56.12:598][  0]LogShaderCompilers: Display: Worker (5/5): shaders left to compile 464
[2020.06.19-11.56.12:598][  0]LogShaderCompilers: Display: Worker (4/5): shaders left to compile 463
[2020.06.19-11.56.12:598][  0]LogShaderCompilers: Display: Worker (1/5): shaders left to compile 462
[2020.06.19-11.56.12:598][  0]LogShaderCompilers: Display: Worker (3/5): shaders left to compile 461
[2020.06.19-11.56.12:598][  0]LogShaderCompilers: Display: Worker (2/5): shaders left to compile 460
[2020.06.19-11.56.12:598][  0]LogShaderCompilers: Display: Worker (5/5): shaders left to compile 459
[2020.06.19-11.56.12:598][  0]LogShaderCompilers: Display: Worker (4/5): shaders left to compile 458
[2020.06.19-11.56.12:598][  0]LogShaderCompilers: Display: Worker (1/5): shaders left to compile 457
[2020.06.19-11.56.12:598][  0]LogShaderCompilers: Display: Worker (3/5): shaders left to compile 456
[2020.06.19-11.56.12:598][  0]LogShaderCompilers: Display: Worker (2/5): shaders left to compile 455
[2020.06.19-11.56.12:598][  0]LogShaderCompilers: Display: Worker (5/5): shaders left to compile 454
[2020.06.19-11.56.12:598][  0]LogShaderCompilers: Display: Worker (4/5): shaders left to compile 453
[2020.06.19-11.56.12:598][  0]LogShaderCompilers: Display: Worker (1/5): shaders left to compile 452
[2020.06.19-11.56.12:598][  0]LogShaderCompilers: Display: Worker (3/5): shaders left to compile 451
[2020.06.19-11.56.12:598][  0]LogShaderCompilers: Display: Worker (2/5): shaders left to compile 450
[2020.06.19-11.56.13:157][  0]LogShaderCompilers: Display: Worker (5/5): shaders left to compile 449
[2020.06.19-11.56.13:157][  0]LogShaderCompilers: Display: Worker (4/5): shaders left to compile 448
[2020.06.19-11.56.13:157][  0]LogShaderCompilers: Display: Worker (3/5): shaders left to compile 447
[2020.06.19-11.56.13:157][  0]LogShaderCompilers: Display: Worker (1/5): shaders left to compile 446
[2020.06.19-11.56.13:157][  0]LogShaderCompilers: Display: Worker (2/5): shaders left to compile 445
[2020.06.19-11.56.13:157][  0]LogShaderCompilers: Display: Worker (5/5): shaders left to compile 444
[2020.06.19-11.56.13:157][  0]LogShaderCompilers: Display: Worker (4/5): shaders left to compile 443
[2020.06.19-11.56.13:157][  0]LogShaderCompilers: Display: Worker (3/5): shaders left to compile 442
[2020.06.19-11.56.13:157][  0]LogShaderCompilers: Display: Worker (1/5): shaders left to compile 441
[2020.06.19-11.56.13:157][  0]LogShaderCompilers: Display: Worker (2/5): shaders left to compile 440
[2020.06.19-11.56.13:157][  0]LogShaderCompilers: Display: Worker (4/5): shaders left to compile 439
[2020.06.19-11.56.13:157][  0]LogShaderCompilers: Display: Worker (5/5): shaders left to compile 438
[2020.06.19-11.56.13:157][  0]LogShaderCompilers: Display: Worker (3/5): shaders left to compile 437
[2020.06.19-11.56.13:157][  0]LogShaderCompilers: Display: Worker (1/5): shaders left to compile 436
[2020.06.19-11.56.13:157][  0]LogShaderCompilers: Display: Worker (2/5): shaders left to compile 435
[2020.06.19-11.56.13:157][  0]LogShaderCompilers: Display: Worker (4/5): shaders left to compile 434
[2020.06.19-11.56.13:157][  0]LogShaderCompilers: Display: Worker (5/5): shaders left to compile 433
[2020.06.19-11.56.13:157][  0]LogShaderCompilers: Display: Worker (2/5): shaders left to compile 432
[2020.06.19-11.56.13:157][  0]LogShaderCompilers: Display: Worker (1/5): shaders left to compile 431
[2020.06.19-11.56.13:716][  0]LogShaderCompilers: Display: Worker (4/5): shaders left to compile 430
[2020.06.19-11.56.13:716][  0]LogShaderCompilers: Display: Worker (5/5): shaders left to compile 429
[2020.06.19-11.56.13:716][  0]LogShaderCompilers: Display: Worker (3/5): shaders left to compile 428
[2020.06.19-11.56.13:716][  0]LogShaderCompilers: Display: Worker (5/5): shaders left to compile 427
[2020.06.19-11.56.13:716][  0]LogShaderCompilers: Display: Worker (3/5): shaders left to compile 426
[2020.06.19-11.56.13:716][  0]LogShaderCompilers: Display: Worker (5/5): shaders left to compile 425
[2020.06.19-11.56.13:716][  0]LogShaderCompilers: Display: Worker (3/5): shaders left to compile 424
[2020.06.19-11.56.13:716][  0]LogShaderCompilers: Display: Worker (5/5): shaders left to compile 423
[2020.06.19-11.56.13:716][  0]LogShaderCompilers: Display: Worker (3/5): shaders left to compile 422
[2020.06.19-11.56.14:275][  0]LogShaderCompilers: Display: Worker (5/5): shaders left to compile 421
[2020.06.19-11.56.14:275][  0]LogShaderCompilers: Display: Worker (3/5): shaders left to compile 420
[2020.06.19-11.56.14:275][  0]LogShaderCompilers: Display: Worker (5/5): shaders left to compile 419
[2020.06.19-11.56.14:275][  0]LogShaderCompilers: Display: Worker (3/5): shaders left to compile 418
[2020.06.19-11.56.14:275][  0]LogShaderCompilers: Display: Worker (5/5): shaders left to compile 417
[2020.06.19-11.56.14:275][  0]LogShaderCompilers: Display: Worker (3/5): shaders left to compile 416
[2020.06.19-11.56.14:275][  0]LogShaderCompilers: Display: Worker (5/5): shaders left to compile 415
[2020.06.19-11.56.14:275][  0]LogShaderCompilers: Display: Worker (3/5): shaders left to compile 414
[2020.06.19-11.56.14:835][  0]LogShaderCompilers: Display: Worker (5/5): shaders left to compile 413
[2020.06.19-11.56.14:835][  0]LogShaderCompilers: Display: Worker (3/5): shaders left to compile 412
[2020.06.19-11.56.14:835][  0]LogShaderCompilers: Display: Worker (5/5): shaders left to compile 411
[2020.06.19-11.56.14:835][  0]LogShaderCompilers: Display: Worker (3/5): shaders left to compile 410
[2020.06.19-11.56.14:835][  0]LogShaderCompilers: Display: Worker (4/5): shaders left to compile 409
[2020.06.19-11.56.14:835][  0]LogShaderCompilers: Display: Worker (5/5): shaders left to compile 408
[2020.06.19-11.56.15:393][  0]LogShaderCompilers: Display: Worker (1/5): shaders left to compile 407
[2020.06.19-11.56.15:952][  0]LogShaderCompilers: Display: Worker (1/5): shaders left to compile 406
[2020.06.19-11.56.15:952][  0]LogShaderCompilers: Display: Worker (4/5): shaders left to compile 405
[2020.06.19-11.56.15:952][  0]LogShaderCompilers: Display: Worker (1/5): shaders left to compile 404
[2020.06.19-11.56.16:511][  0]LogShaderCompilers: Display: Worker (3/5): shaders left to compile 403
[2020.06.19-11.56.16:511][  0]LogShaderCompilers: Display: Worker (5/5): shaders left to compile 402
[2020.06.19-11.56.17:070][  0]LogShaderCompilers: Display: Worker (4/5): shaders left to compile 401
[2020.06.19-11.56.17:070][  0]LogShaderCompilers: Display: Worker (1/5): shaders left to compile 400
[2020.06.19-11.56.17:629][  0]LogShaderCompilers: Display: Worker (4/5): shaders left to compile 399
[2020.06.19-11.56.17:629][  0]LogShaderCompilers: Display: Worker (1/5): shaders left to compile 398
[2020.06.19-11.56.18:743][  0]LogShaderCompilers: Display: Worker (3/5): shaders left to compile 397
[2020.06.19-11.56.18:743][  0]LogShaderCompilers: Display: Worker (4/5): shaders left to compile 396
[2020.06.19-11.56.18:743][  0]LogShaderCompilers: Display: Worker (1/5): shaders left to compile 395
[2020.06.19-11.56.18:743][  0]LogShaderCompilers: Display: Worker (5/5): shaders left to compile 394
[2020.06.19-11.56.19:851][  0]LogShaderCompilers: Display: Worker (3/5): shaders left to compile 393
[2020.06.19-11.56.19:851][  0]LogShaderCompilers: Display: Worker (4/5): shaders left to compile 392
[2020.06.19-11.56.19:851][  0]LogShaderCompilers: Display: Worker (1/5): shaders left to compile 391
[2020.06.19-11.56.19:851][  0]LogShaderCompilers: Display: Worker (5/5): shaders left to compile 390
[2020.06.19-11.56.20:965][  0]LogShaderCompilers: Display: Worker (3/5): shaders left to compile 389
[2020.06.19-11.56.20:965][  0]LogShaderCompilers: Display: Worker (4/5): shaders left to compile 388
[2020.06.19-11.56.20:965][  0]LogShaderCompilers: Display: Worker (1/5): shaders left to compile 387
[2020.06.19-11.56.20:965][  0]LogShaderCompilers: Display: Worker (5/5): shaders left to compile 386
[2020.06.19-11.56.21:520][  0]LogShaderCompilers: Display: Worker (3/5): shaders left to compile 385
[2020.06.19-11.56.22:076][  0]LogShaderCompilers: Display: Worker (4/5): shaders left to compile 384
[2020.06.19-11.56.22:076][  0]LogShaderCompilers: Display: Worker (1/5): shaders left to compile 383
[2020.06.19-11.56.22:076][  0]LogShaderCompilers: Display: Worker (5/5): shaders left to compile 382
[2020.06.19-11.56.22:076][  0]LogShaderCompilers: Display: Worker (1/5): shaders left to compile 381
[2020.06.19-11.56.22:627][  0]LogShaderCompilers: Display: Worker (3/5): shaders left to compile 380
[2020.06.19-11.56.22:627][  0]LogShaderCompilers: Display: Worker (4/5): shaders left to compile 379
[2020.06.19-11.56.22:627][  0]LogShaderCompilers: Display: Worker (3/5): shaders left to compile 378
[2020.06.19-11.56.22:627][  0]LogShaderCompilers: Display: Worker (5/5): shaders left to compile 377
[2020.06.19-11.56.23:181][  0]LogShaderCompilers: Display: Worker (5/5): shaders left to compile 376
[2020.06.19-11.56.23:181][  0]LogShaderCompilers: Display: Worker (1/5): shaders left to compile 375
[2020.06.19-11.56.23:736][  0]LogShaderCompilers: Display: Worker (4/5): shaders left to compile 374
[2020.06.19-11.56.23:736][  0]LogShaderCompilers: Display: Worker (3/5): shaders left to compile 373
[2020.06.19-11.56.23:736][  0]LogShaderCompilers: Display: Worker (5/5): shaders left to compile 372
[2020.06.19-11.56.23:736][  0]LogShaderCompilers: Display: Worker (1/5): shaders left to compile 371
[2020.06.19-11.56.24:291][  0]LogShaderCompilers: Display: Worker (5/5): shaders left to compile 370
[2020.06.19-11.56.24:291][  0]LogShaderCompilers: Display: Worker (4/5): shaders left to compile 369
[2020.06.19-11.56.24:291][  0]LogShaderCompilers: Display: Worker (1/5): shaders left to compile 368
[2020.06.19-11.56.24:847][  0]LogShaderCompilers: Display: Worker (3/5): shaders left to compile 367
[2020.06.19-11.56.24:847][  0]LogShaderCompilers: Display: Worker (5/5): shaders left to compile 366
[2020.06.19-11.56.25:403][  0]LogShaderCompilers: Display: Worker (4/5): shaders left to compile 365
[2020.06.19-11.56.25:403][  0]LogShaderCompilers: Display: Worker (5/5): shaders left to compile 364
[2020.06.19-11.56.25:403][  0]LogShaderCompilers: Display: Worker (1/5): shaders left to compile 363
[2020.06.19-11.56.25:961][  0]LogShaderCompilers: Display: Worker (3/5): shaders left to compile 362
[2020.06.19-11.56.25:961][  0]LogShaderCompilers: Display: Worker (4/5): shaders left to compile 361
[2020.06.19-11.56.26:516][  0]LogShaderCompilers: Display: Worker (5/5): shaders left to compile 360
[2020.06.19-11.56.26:516][  0]LogShaderCompilers: Display: Worker (1/5): shaders left to compile 359
[2020.06.19-11.56.26:516][  0]LogShaderCompilers: Display: Worker (5/5): shaders left to compile 358
[2020.06.19-11.56.27:068][  0]LogShaderCompilers: Display: Worker (3/5): shaders left to compile 357
[2020.06.19-11.56.27:068][  0]LogShaderCompilers: Display: Worker (1/5): shaders left to compile 356
[2020.06.19-11.56.27:068][  0]LogShaderCompilers: Display: Worker (4/5): shaders left to compile 355
[2020.06.19-11.56.27:621][  0]LogShaderCompilers: Display: Worker (5/5): shaders left to compile 354
[2020.06.19-11.56.28:174][  0]LogShaderCompilers: Display: Worker (3/5): shaders left to compile 353
[2020.06.19-11.56.28:174][  0]LogShaderCompilers: Display: Worker (5/5): shaders left to compile 352
[2020.06.19-11.56.28:728][  0]LogShaderCompilers: Display: Worker (1/5): shaders left to compile 351
[2020.06.19-11.56.28:728][  0]LogShaderCompilers: Display: Worker (5/5): shaders left to compile 350
[2020.06.19-11.56.28:728][  0]LogShaderCompilers: Display: Worker (4/5): shaders left to compile 349
[2020.06.19-11.56.28:728][  0]LogShaderCompilers: Display: Worker (2/5): shaders left to compile 348
[2020.06.19-11.56.29:286][  0]LogShaderCompilers: Display: Worker (3/5): shaders left to compile 347
[2020.06.19-11.56.29:286][  0]LogShaderCompilers: Display: Worker (2/5): shaders left to compile 346
[2020.06.19-11.56.29:286][  0]LogShaderCompilers: Display: Worker (4/5): shaders left to compile 345
[2020.06.19-11.56.29:286][  0]LogShaderCompilers: Display: Worker (3/5): shaders left to compile 344
[2020.06.19-11.56.29:286][  0]LogShaderCompilers: Display: Worker (1/5): shaders left to compile 343
[2020.06.19-11.56.29:286][  0]LogShaderCompilers: Display: Worker (5/5): shaders left to compile 342
[2020.06.19-11.56.29:286][  0]LogShaderCompilers: Display: Worker (4/5): shaders left to compile 341
[2020.06.19-11.56.29:286][  0]LogShaderCompilers: Display: Worker (2/5): shaders left to compile 340
[2020.06.19-11.56.29:286][  0]LogShaderCompilers: Display: Worker (3/5): shaders left to compile 339
[2020.06.19-11.56.29:844][  0]LogShaderCompilers: Display: Worker (5/5): shaders left to compile 338
[2020.06.19-11.56.29:844][  0]LogShaderCompilers: Display: Worker (1/5): shaders left to compile 337
[2020.06.19-11.56.29:844][  0]LogShaderCompilers: Display: Worker (2/5): shaders left to compile 336
[2020.06.19-11.56.29:844][  0]LogShaderCompilers: Display: Worker (3/5): shaders left to compile 335
[2020.06.19-11.56.29:844][  0]LogShaderCompilers: Display: Worker (5/5): shaders left to compile 334
[2020.06.19-11.56.29:844][  0]LogShaderCompilers: Display: Worker (1/5): shaders left to compile 333
[2020.06.19-11.56.29:844][  0]LogShaderCompilers: Display: Worker (2/5): shaders left to compile 332
[2020.06.19-11.56.29:844][  0]LogShaderCompilers: Display: Worker (3/5): shaders left to compile 331
[2020.06.19-11.56.29:844][  0]LogShaderCompilers: Display: Worker (5/5): shaders left to compile 330
[2020.06.19-11.56.30:402][  0]LogShaderCompilers: Display: Worker (2/5): shaders left to compile 329
[2020.06.19-11.56.30:402][  0]LogShaderCompilers: Display: Worker (3/5): shaders left to compile 328
[2020.06.19-11.56.30:402][  0]LogShaderCompilers: Display: Worker (4/5): shaders left to compile 327
[2020.06.19-11.56.30:402][  0]LogShaderCompilers: Display: Worker (1/5): shaders left to compile 326
[2020.06.19-11.56.30:402][  0]LogShaderCompilers: Display: Worker (5/5): shaders left to compile 325
[2020.06.19-11.56.30:402][  0]LogShaderCompilers: Display: Worker (3/5): shaders left to compile 324
[2020.06.19-11.56.30:402][  0]LogShaderCompilers: Display: Worker (2/5): shaders left to compile 323
[2020.06.19-11.56.30:961][  0]LogShaderCompilers: Display: Worker (2/5): shaders left to compile 322
[2020.06.19-11.56.30:961][  0]LogShaderCompilers: Display: Worker (5/5): shaders left to compile 321
[2020.06.19-11.56.30:961][  0]LogShaderCompilers: Display: Worker (3/5): shaders left to compile 320
[2020.06.19-11.56.30:961][  0]LogShaderCompilers: Display: Worker (1/5): shaders left to compile 319
[2020.06.19-11.56.30:961][  0]LogShaderCompilers: Display: Worker (4/5): shaders left to compile 318
[2020.06.19-11.56.30:961][  0]LogShaderCompilers: Display: Worker (2/5): shaders left to compile 317
[2020.06.19-11.56.30:961][  0]LogShaderCompilers: Display: Worker (5/5): shaders left to compile 316
[2020.06.19-11.56.30:961][  0]LogShaderCompilers: Display: Worker (3/5): shaders left to compile 315
[2020.06.19-11.56.30:961][  0]LogShaderCompilers: Display: Worker (4/5): shaders left to compile 314
[2020.06.19-11.56.30:961][  0]LogShaderCompilers: Display: Worker (1/5): shaders left to compile 313
[2020.06.19-11.56.30:961][  0]LogShaderCompilers: Display: Worker (2/5): shaders left to compile 312
[2020.06.19-11.56.31:521][  0]LogShaderCompilers: Display: Worker (3/5): shaders left to compile 311
[2020.06.19-11.56.31:521][  0]LogShaderCompilers: Display: Worker (5/5): shaders left to compile 310
[2020.06.19-11.56.31:521][  0]LogShaderCompilers: Display: Worker (4/5): shaders left to compile 309
[2020.06.19-11.56.31:521][  0]LogShaderCompilers: Display: Worker (1/5): shaders left to compile 308
[2020.06.19-11.56.31:521][  0]LogShaderCompilers: Display: Worker (2/5): shaders left to compile 307
[2020.06.19-11.56.31:521][  0]LogShaderCompilers: Display: Worker (3/5): shaders left to compile 306
[2020.06.19-11.56.31:521][  0]LogShaderCompilers: Display: Worker (5/5): shaders left to compile 305
[2020.06.19-11.56.31:521][  0]LogShaderCompilers: Display: Worker (4/5): shaders left to compile 304
[2020.06.19-11.56.31:521][  0]LogShaderCompilers: Display: Worker (2/5): shaders left to compile 303
[2020.06.19-11.56.31:521][  0]LogShaderCompilers: Display: Worker (3/5): shaders left to compile 302
[2020.06.19-11.56.31:521][  0]LogShaderCompilers: Display: Worker (1/5): shaders left to compile 301
[2020.06.19-11.56.31:521][  0]LogShaderCompilers: Display: Worker (5/5): shaders left to compile 300
[2020.06.19-11.56.32:080][  0]LogShaderCompilers: Display: Worker (4/5): shaders left to compile 299
[2020.06.19-11.56.32:080][  0]LogShaderCompilers: Display: Worker (2/5): shaders left to compile 298
[2020.06.19-11.56.32:080][  0]LogShaderCompilers: Display: Worker (1/5): shaders left to compile 297
[2020.06.19-11.56.32:080][  0]LogShaderCompilers: Display: Worker (3/5): shaders left to compile 296
[2020.06.19-11.56.32:080][  0]LogShaderCompilers: Display: Worker (4/5): shaders left to compile 295
[2020.06.19-11.56.32:080][  0]LogShaderCompilers: Display: Worker (5/5): shaders left to compile 294
[2020.06.19-11.56.32:080][  0]LogShaderCompilers: Display: Worker (2/5): shaders left to compile 293
[2020.06.19-11.56.32:080][  0]LogShaderCompilers: Display: Worker (1/5): shaders left to compile 292
[2020.06.19-11.56.32:080][  0]LogShaderCompilers: Display: Worker (3/5): shaders left to compile 291
[2020.06.19-11.56.32:080][  0]LogShaderCompilers: Display: Worker (4/5): shaders left to compile 290
[2020.06.19-11.56.32:080][  0]LogShaderCompilers: Display: Worker (5/5): shaders left to compile 289
[2020.06.19-11.56.32:639][  0]LogShaderCompilers: Display: Worker (2/5): shaders left to compile 288
[2020.06.19-11.56.32:639][  0]LogShaderCompilers: Display: Worker (1/5): shaders left to compile 287
[2020.06.19-11.56.32:639][  0]LogShaderCompilers: Display: Worker (3/5): shaders left to compile 286
[2020.06.19-11.56.32:639][  0]LogShaderCompilers: Display: Worker (4/5): shaders left to compile 285
[2020.06.19-11.56.32:639][  0]LogShaderCompilers: Display: Worker (5/5): shaders left to compile 284
[2020.06.19-11.56.32:639][  0]LogShaderCompilers: Display: Worker (2/5): shaders left to compile 283
[2020.06.19-11.56.32:639][  0]LogShaderCompilers: Display: Worker (1/5): shaders left to compile 282
[2020.06.19-11.56.32:639][  0]LogShaderCompilers: Display: Worker (3/5): shaders left to compile 281
[2020.06.19-11.56.32:639][  0]LogShaderCompilers: Display: Worker (5/5): shaders left to compile 280
[2020.06.19-11.56.32:639][  0]LogShaderCompilers: Display: Worker (2/5): shaders left to compile 279
[2020.06.19-11.56.33:198][  0]LogShaderCompilers: Display: Worker (1/5): shaders left to compile 278
[2020.06.19-11.56.33:198][  0]LogShaderCompilers: Display: Worker (3/5): shaders left to compile 277
[2020.06.19-11.56.33:198][  0]LogShaderCompilers: Display: Worker (4/5): shaders left to compile 276
[2020.06.19-11.56.33:198][  0]LogShaderCompilers: Display: Worker (5/5): shaders left to compile 275
[2020.06.19-11.56.33:198][  0]LogShaderCompilers: Display: Worker (2/5): shaders left to compile 274
[2020.06.19-11.56.33:198][  0]LogShaderCompilers: Display: Worker (1/5): shaders left to compile 273
[2020.06.19-11.56.33:199][  0]LogShaderCompilers: Display: Worker (3/5): shaders left to compile 272
[2020.06.19-11.56.33:199][  0]LogShaderCompilers: Display: Worker (4/5): shaders left to compile 271
[2020.06.19-11.56.33:199][  0]LogShaderCompilers: Display: Worker (5/5): shaders left to compile 270
[2020.06.19-11.56.33:758][  0]LogShaderCompilers: Display: Worker (1/5): shaders left to compile 269
[2020.06.19-11.56.33:758][  0]LogShaderCompilers: Display: Worker (2/5): shaders left to compile 268
[2020.06.19-11.56.33:758][  0]LogShaderCompilers: Display: Worker (3/5): shaders left to compile 267
[2020.06.19-11.56.33:758][  0]LogShaderCompilers: Display: Worker (4/5): shaders left to compile 266
[2020.06.19-11.56.33:758][  0]LogShaderCompilers: Display: Worker (5/5): shaders left to compile 265
[2020.06.19-11.56.33:758][  0]LogShaderCompilers: Display: Worker (3/5): shaders left to compile 264
[2020.06.19-11.56.33:758][  0]LogShaderCompilers: Display: Worker (1/5): shaders left to compile 263
[2020.06.19-11.56.33:758][  0]LogShaderCompilers: Display: Worker (2/5): shaders left to compile 262
[2020.06.19-11.56.33:758][  0]LogShaderCompilers: Display: Worker (4/5): shaders left to compile 261
[2020.06.19-11.56.34:317][  0]LogShaderCompilers: Display: Worker (5/5): shaders left to compile 260
[2020.06.19-11.56.34:317][  0]LogShaderCompilers: Display: Worker (3/5): shaders left to compile 259
[2020.06.19-11.56.34:317][  0]LogShaderCompilers: Display: Worker (1/5): shaders left to compile 258
[2020.06.19-11.56.34:317][  0]LogShaderCompilers: Display: Worker (2/5): shaders left to compile 257
[2020.06.19-11.56.34:317][  0]LogShaderCompilers: Display: Worker (4/5): shaders left to compile 256
[2020.06.19-11.56.34:317][  0]LogShaderCompilers: Display: Worker (5/5): shaders left to compile 255
[2020.06.19-11.56.34:877][  0]LogShaderCompilers: Display: Worker (1/5): shaders left to compile 254
[2020.06.19-11.56.34:877][  0]LogShaderCompilers: Display: Worker (3/5): shaders left to compile 253
[2020.06.19-11.56.34:877][  0]LogShaderCompilers: Display: Worker (2/5): shaders left to compile 252
[2020.06.19-11.56.34:877][  0]LogShaderCompilers: Display: Worker (5/5): shaders left to compile 251
[2020.06.19-11.56.34:877][  0]LogShaderCompilers: Display: Worker (4/5): shaders left to compile 250
[2020.06.19-11.56.34:877][  0]LogShaderCompilers: Display: Worker (3/5): shaders left to compile 249
[2020.06.19-11.56.34:877][  0]LogShaderCompilers: Display: Worker (1/5): shaders left to compile 248
[2020.06.19-11.56.34:877][  0]LogShaderCompilers: Display: Worker (2/5): shaders left to compile 247
[2020.06.19-11.56.34:877][  0]LogShaderCompilers: Display: Worker (5/5): shaders left to compile 246
[2020.06.19-11.56.34:877][  0]LogShaderCompilers: Display: Worker (4/5): shaders left to compile 245
[2020.06.19-11.56.35:436][  0]LogShaderCompilers: Display: Worker (1/5): shaders left to compile 244
[2020.06.19-11.56.35:436][  0]LogShaderCompilers: Display: Worker (3/5): shaders left to compile 243
[2020.06.19-11.56.35:436][  0]LogShaderCompilers: Display: Worker (2/5): shaders left to compile 242
[2020.06.19-11.56.35:436][  0]LogShaderCompilers: Display: Worker (5/5): shaders left to compile 241
[2020.06.19-11.56.35:436][  0]LogShaderCompilers: Display: Worker (4/5): shaders left to compile 240
[2020.06.19-11.56.35:436][  0]LogShaderCompilers: Display: Worker (3/5): shaders left to compile 239
[2020.06.19-11.56.35:436][  0]LogShaderCompilers: Display: Worker (1/5): shaders left to compile 238
[2020.06.19-11.56.35:436][  0]LogShaderCompilers: Display: Worker (2/5): shaders left to compile 237
[2020.06.19-11.56.35:996][  0]LogShaderCompilers: Display: Worker (5/5): shaders left to compile 236
[2020.06.19-11.56.35:996][  0]LogShaderCompilers: Display: Worker (4/5): shaders left to compile 235
[2020.06.19-11.56.35:996][  0]LogShaderCompilers: Display: Worker (3/5): shaders left to compile 234
[2020.06.19-11.56.35:996][  0]LogShaderCompilers: Display: Worker (1/5): shaders left to compile 233
[2020.06.19-11.56.35:996][  0]LogShaderCompilers: Display: Worker (2/5): shaders left to compile 232
[2020.06.19-11.56.35:996][  0]LogShaderCompilers: Display: Worker (5/5): shaders left to compile 231
[2020.06.19-11.56.35:996][  0]LogShaderCompilers: Display: Worker (4/5): shaders left to compile 230
[2020.06.19-11.56.36:555][  0]LogShaderCompilers: Display: Worker (3/5): shaders left to compile 229
[2020.06.19-11.56.36:555][  0]LogShaderCompilers: Display: Worker (4/5): shaders left to compile 228
[2020.06.19-11.56.36:555][  0]LogShaderCompilers: Display: Worker (1/5): shaders left to compile 227
[2020.06.19-11.56.36:555][  0]LogShaderCompilers: Display: Worker (5/5): shaders left to compile 226
[2020.06.19-11.56.36:555][  0]LogShaderCompilers: Display: Worker (2/5): shaders left to compile 225
[2020.06.19-11.56.36:555][  0]LogShaderCompilers: Display: Worker (3/5): shaders left to compile 224
[2020.06.19-11.56.36:555][  0]LogShaderCompilers: Display: Worker (4/5): shaders left to compile 223
[2020.06.19-11.56.37:115][  0]LogShaderCompilers: Display: Worker (5/5): shaders left to compile 222
[2020.06.19-11.56.37:115][  0]LogShaderCompilers: Display: Worker (1/5): shaders left to compile 221
[2020.06.19-11.56.37:115][  0]LogShaderCompilers: Display: Worker (2/5): shaders left to compile 220
[2020.06.19-11.56.37:115][  0]LogShaderCompilers: Display: Worker (3/5): shaders left to compile 219
[2020.06.19-11.56.37:115][  0]LogShaderCompilers: Display: Worker (4/5): shaders left to compile 218
[2020.06.19-11.56.37:115][  0]LogShaderCompilers: Display: Worker (5/5): shaders left to compile 217
[2020.06.19-11.56.37:115][  0]LogShaderCompilers: Display: Worker (1/5): shaders left to compile 216
[2020.06.19-11.56.37:115][  0]LogShaderCompilers: Display: Worker (2/5): shaders left to compile 215
[2020.06.19-11.56.37:115][  0]LogShaderCompilers: Display: Worker (3/5): shaders left to compile 214
[2020.06.19-11.56.37:674][  0]LogShaderCompilers: Display: Worker (4/5): shaders left to compile 213
[2020.06.19-11.56.37:674][  0]LogShaderCompilers: Display: Worker (5/5): shaders left to compile 212
[2020.06.19-11.56.37:674][  0]LogShaderCompilers: Display: Worker (1/5): shaders left to compile 211
[2020.06.19-11.56.37:674][  0]LogShaderCompilers: Display: Worker (2/5): shaders left to compile 210
[2020.06.19-11.56.37:674][  0]LogShaderCompilers: Display: Worker (3/5): shaders left to compile 209
[2020.06.19-11.56.37:674][  0]LogShaderCompilers: Display: Worker (5/5): shaders left to compile 208
[2020.06.19-11.56.38:234][  0]LogShaderCompilers: Display: Worker (1/5): shaders left to compile 207
[2020.06.19-11.56.38:234][  0]LogShaderCompilers: Display: Worker (4/5): shaders left to compile 206
[2020.06.19-11.56.38:234][  0]LogShaderCompilers: Display: Worker (2/5): shaders left to compile 205
[2020.06.19-11.56.38:234][  0]LogShaderCompilers: Display: Worker (5/5): shaders left to compile 204
[2020.06.19-11.56.38:234][  0]LogShaderCompilers: Display: Worker (4/5): shaders left to compile 203
[2020.06.19-11.56.38:234][  0]LogShaderCompilers: Display: Worker (3/5): shaders left to compile 202
[2020.06.19-11.56.38:234][  0]LogShaderCompilers: Display: Worker (2/5): shaders left to compile 201
[2020.06.19-11.56.38:234][  0]LogShaderCompilers: Display: Worker (5/5): shaders left to compile 200
[2020.06.19-11.56.38:794][  0]LogShaderCompilers: Display: Worker (3/5): shaders left to compile 199
[2020.06.19-11.56.38:794][  0]LogShaderCompilers: Display: Worker (4/5): shaders left to compile 198
[2020.06.19-11.56.38:794][  0]LogShaderCompilers: Display: Worker (2/5): shaders left to compile 197
[2020.06.19-11.56.38:794][  0]LogShaderCompilers: Display: Worker (5/5): shaders left to compile 196
[2020.06.19-11.56.38:794][  0]LogShaderCompilers: Display: Worker (3/5): shaders left to compile 195
[2020.06.19-11.56.38:794][  0]LogShaderCompilers: Display: Worker (4/5): shaders left to compile 194
[2020.06.19-11.56.38:794][  0]LogShaderCompilers: Display: Worker (2/5): shaders left to compile 193
[2020.06.19-11.56.38:794][  0]LogShaderCompilers: Display: Worker (5/5): shaders left to compile 192
[2020.06.19-11.56.38:794][  0]LogShaderCompilers: Display: Worker (3/5): shaders left to compile 191
[2020.06.19-11.56.39:352][  0]LogShaderCompilers: Display: Worker (4/5): shaders left to compile 190
[2020.06.19-11.56.39:352][  0]LogShaderCompilers: Display: Worker (2/5): shaders left to compile 189
[2020.06.19-11.56.39:352][  0]LogShaderCompilers: Display: Worker (5/5): shaders left to compile 188
[2020.06.19-11.56.39:352][  0]LogShaderCompilers: Display: Worker (3/5): shaders left to compile 187
[2020.06.19-11.56.39:352][  0]LogShaderCompilers: Display: Worker (4/5): shaders left to compile 186
[2020.06.19-11.56.39:352][  0]LogShaderCompilers: Display: Worker (2/5): shaders left to compile 185
[2020.06.19-11.56.39:352][  0]LogShaderCompilers: Display: Worker (5/5): shaders left to compile 184
[2020.06.19-11.56.39:352][  0]LogShaderCompilers: Display: Worker (3/5): shaders left to compile 183
[2020.06.19-11.56.39:352][  0]LogShaderCompilers: Display: Worker (4/5): shaders left to compile 182
[2020.06.19-11.56.39:911][  0]LogShaderCompilers: Display: Worker (2/5): shaders left to compile 181
[2020.06.19-11.56.39:911][  0]LogShaderCompilers: Display: Worker (1/5): shaders left to compile 180
[2020.06.19-11.56.39:911][  0]LogShaderCompilers: Display: Worker (5/5): shaders left to compile 179
[2020.06.19-11.56.39:911][  0]LogShaderCompilers: Display: Worker (3/5): shaders left to compile 178
[2020.06.19-11.56.39:911][  0]LogShaderCompilers: Display: Worker (4/5): shaders left to compile 177
[2020.06.19-11.56.39:911][  0]LogShaderCompilers: Display: Worker (2/5): shaders left to compile 176
[2020.06.19-11.56.39:911][  0]LogShaderCompilers: Display: Worker (1/5): shaders left to compile 175
[2020.06.19-11.56.39:911][  0]LogShaderCompilers: Display: Worker (5/5): shaders left to compile 174
[2020.06.19-11.56.39:911][  0]LogShaderCompilers: Display: Worker (3/5): shaders left to compile 173
[2020.06.19-11.56.39:911][  0]LogShaderCompilers: Display: Worker (4/5): shaders left to compile 172
[2020.06.19-11.56.40:470][  0]LogShaderCompilers: Display: Worker (2/5): shaders left to compile 171
[2020.06.19-11.56.40:470][  0]LogShaderCompilers: Display: Worker (1/5): shaders left to compile 170
[2020.06.19-11.56.40:470][  0]LogShaderCompilers: Display: Worker (5/5): shaders left to compile 169
[2020.06.19-11.56.40:470][  0]LogShaderCompilers: Display: Worker (3/5): shaders left to compile 168
[2020.06.19-11.56.40:470][  0]LogShaderCompilers: Display: Worker (4/5): shaders left to compile 167
[2020.06.19-11.56.40:470][  0]LogShaderCompilers: Display: Worker (2/5): shaders left to compile 166
[2020.06.19-11.56.40:470][  0]LogShaderCompilers: Display: Worker (5/5): shaders left to compile 165
[2020.06.19-11.56.40:470][  0]LogShaderCompilers: Display: Worker (1/5): shaders left to compile 164
[2020.06.19-11.56.40:470][  0]LogShaderCompilers: Display: Worker (3/5): shaders left to compile 163
[2020.06.19-11.56.40:470][  0]LogShaderCompilers: Display: Worker (4/5): shaders left to compile 162
[2020.06.19-11.56.41:025][  0]LogShaderCompilers: Display: Worker (2/5): shaders left to compile 161
[2020.06.19-11.56.41:025][  0]LogShaderCompilers: Display: Worker (5/5): shaders left to compile 160
[2020.06.19-11.56.41:025][  0]LogShaderCompilers: Display: Worker (3/5): shaders left to compile 159
[2020.06.19-11.56.41:025][  0]LogShaderCompilers: Display: Worker (1/5): shaders left to compile 158
[2020.06.19-11.56.41:025][  0]LogShaderCompilers: Display: Worker (4/5): shaders left to compile 157
[2020.06.19-11.56.41:025][  0]LogShaderCompilers: Display: Worker (2/5): shaders left to compile 156
[2020.06.19-11.56.41:025][  0]LogShaderCompilers: Display: Worker (1/5): shaders left to compile 155
[2020.06.19-11.56.41:025][  0]LogShaderCompilers: Display: Worker (5/5): shaders left to compile 154
[2020.06.19-11.56.41:025][  0]LogShaderCompilers: Display: Worker (4/5): shaders left to compile 153
[2020.06.19-11.56.41:025][  0]LogShaderCompilers: Display: Worker (3/5): shaders left to compile 152
[2020.06.19-11.56.41:583][  0]LogShaderCompilers: Display: Worker (2/5): shaders left to compile 151
[2020.06.19-11.56.41:583][  0]LogShaderCompilers: Display: Worker (1/5): shaders left to compile 150
[2020.06.19-11.56.41:583][  0]LogShaderCompilers: Display: Worker (5/5): shaders left to compile 149
[2020.06.19-11.56.41:583][  0]LogShaderCompilers: Display: Worker (3/5): shaders left to compile 148
[2020.06.19-11.56.41:583][  0]LogShaderCompilers: Display: Worker (4/5): shaders left to compile 147
[2020.06.19-11.56.41:583][  0]LogShaderCompilers: Display: Worker (2/5): shaders left to compile 146
[2020.06.19-11.56.41:583][  0]LogShaderCompilers: Display: Worker (5/5): shaders left to compile 145
[2020.06.19-11.56.41:583][  0]LogShaderCompilers: Display: Worker (1/5): shaders left to compile 144
[2020.06.19-11.56.41:583][  0]LogShaderCompilers: Display: Worker (3/5): shaders left to compile 143
[2020.06.19-11.56.42:142][  0]LogShaderCompilers: Display: Worker (4/5): shaders left to compile 142
[2020.06.19-11.56.42:142][  0]LogShaderCompilers: Display: Worker (2/5): shaders left to compile 141
[2020.06.19-11.56.42:142][  0]LogShaderCompilers: Display: Worker (5/5): shaders left to compile 140
[2020.06.19-11.56.42:142][  0]LogShaderCompilers: Display: Worker (1/5): shaders left to compile 139
[2020.06.19-11.56.42:142][  0]LogShaderCompilers: Display: Worker (3/5): shaders left to compile 138
[2020.06.19-11.56.42:142][  0]LogShaderCompilers: Display: Worker (4/5): shaders left to compile 137
[2020.06.19-11.56.42:142][  0]LogShaderCompilers: Display: Worker (2/5): shaders left to compile 136
[2020.06.19-11.56.42:703][  0]LogShaderCompilers: Display: Worker (5/5): shaders left to compile 135
[2020.06.19-11.56.43:262][  0]LogShaderCompilers: Display: Worker (1/5): shaders left to compile 134
[2020.06.19-11.56.43:262][  0]LogShaderCompilers: Display: Worker (3/5): shaders left to compile 133
[2020.06.19-11.56.43:262][  0]LogShaderCompilers: Display: Worker (5/5): shaders left to compile 132
[2020.06.19-11.56.43:262][  0]LogShaderCompilers: Display: Worker (4/5): shaders left to compile 131
[2020.06.19-11.56.43:262][  0]LogShaderCompilers: Display: Worker (2/5): shaders left to compile 130
[2020.06.19-11.56.43:262][  0]LogShaderCompilers: Display: Worker (1/5): shaders left to compile 129
[2020.06.19-11.56.43:262][  0]LogShaderCompilers: Display: Worker (3/5): shaders left to compile 128
[2020.06.19-11.56.43:262][  0]LogShaderCompilers: Display: Worker (5/5): shaders left to compile 127
[2020.06.19-11.56.43:262][  0]LogShaderCompilers: Display: Worker (4/5): shaders left to compile 126
[2020.06.19-11.56.43:262][  0]LogShaderCompilers: Display: Worker (1/5): shaders left to compile 125
[2020.06.19-11.56.43:262][  0]LogShaderCompilers: Display: Worker (2/5): shaders left to compile 124
[2020.06.19-11.56.43:262][  0]LogShaderCompilers: Display: Worker (3/5): shaders left to compile 123
[2020.06.19-11.56.43:262][  0]LogShaderCompilers: Display: Worker (5/5): shaders left to compile 122
[2020.06.19-11.56.43:823][  0]LogShaderCompilers: Display: Worker (4/5): shaders left to compile 121
[2020.06.19-11.56.43:823][  0]LogShaderCompilers: Display: Worker (1/5): shaders left to compile 120
[2020.06.19-11.56.43:823][  0]LogShaderCompilers: Display: Worker (2/5): shaders left to compile 119
[2020.06.19-11.56.43:823][  0]LogShaderCompilers: Display: Worker (3/5): shaders left to compile 118
[2020.06.19-11.56.43:823][  0]LogShaderCompilers: Display: Worker (5/5): shaders left to compile 117
[2020.06.19-11.56.43:823][  0]LogShaderCompilers: Display: Worker (4/5): shaders left to compile 116
[2020.06.19-11.56.43:823][  0]LogShaderCompilers: Display: Worker (1/5): shaders left to compile 115
[2020.06.19-11.56.43:823][  0]LogShaderCompilers: Display: Worker (2/5): shaders left to compile 114
[2020.06.19-11.56.43:823][  0]LogShaderCompilers: Display: Worker (3/5): shaders left to compile 113
[2020.06.19-11.56.43:823][  0]LogShaderCompilers: Display: Worker (4/5): shaders left to compile 112
[2020.06.19-11.56.43:823][  0]LogShaderCompilers: Display: Worker (5/5): shaders left to compile 111
[2020.06.19-11.56.43:823][  0]LogShaderCompilers: Display: Worker (1/5): shaders left to compile 110
[2020.06.19-11.56.43:823][  0]LogShaderCompilers: Display: Worker (2/5): shaders left to compile 109
[2020.06.19-11.56.44:382][  0]LogShaderCompilers: Display: Worker (3/5): shaders left to compile 108
[2020.06.19-11.56.44:382][  0]LogShaderCompilers: Display: Worker (5/5): shaders left to compile 107
[2020.06.19-11.56.44:382][  0]LogShaderCompilers: Display: Worker (1/5): shaders left to compile 106
[2020.06.19-11.56.44:382][  0]LogShaderCompilers: Display: Worker (4/5): shaders left to compile 105
[2020.06.19-11.56.44:382][  0]LogShaderCompilers: Display: Worker (2/5): shaders left to compile 104
[2020.06.19-11.56.44:382][  0]LogShaderCompilers: Display: Worker (3/5): shaders left to compile 103
[2020.06.19-11.56.44:382][  0]LogShaderCompilers: Display: Worker (1/5): shaders left to compile 102
[2020.06.19-11.56.44:382][  0]LogShaderCompilers: Display: Worker (5/5): shaders left to compile 101
[2020.06.19-11.56.44:382][  0]LogShaderCompilers: Display: Worker (4/5): shaders left to compile 100
[2020.06.19-11.56.44:382][  0]LogShaderCompilers: Display: Worker (2/5): shaders left to compile 99
[2020.06.19-11.56.44:382][  0]LogShaderCompilers: Display: Worker (3/5): shaders left to compile 98
[2020.06.19-11.56.44:382][  0]LogShaderCompilers: Display: Worker (1/5): shaders left to compile 97
[2020.06.19-11.56.44:939][  0]LogShaderCompilers: Display: Worker (5/5): shaders left to compile 96
[2020.06.19-11.56.44:939][  0]LogShaderCompilers: Display: Worker (4/5): shaders left to compile 95
[2020.06.19-11.56.44:939][  0]LogShaderCompilers: Display: Worker (2/5): shaders left to compile 94
[2020.06.19-11.56.44:939][  0]LogShaderCompilers: Display: Worker (3/5): shaders left to compile 93
[2020.06.19-11.56.44:939][  0]LogShaderCompilers: Display: Worker (1/5): shaders left to compile 92
[2020.06.19-11.56.44:939][  0]LogShaderCompilers: Display: Worker (5/5): shaders left to compile 91
[2020.06.19-11.56.44:939][  0]LogShaderCompilers: Display: Worker (2/5): shaders left to compile 90
[2020.06.19-11.56.44:939][  0]LogShaderCompilers: Display: Worker (4/5): shaders left to compile 89
[2020.06.19-11.56.44:939][  0]LogShaderCompilers: Display: Worker (3/5): shaders left to compile 88
[2020.06.19-11.56.44:939][  0]LogShaderCompilers: Display: Worker (1/5): shaders left to compile 87
[2020.06.19-11.56.44:939][  0]LogShaderCompilers: Display: Worker (5/5): shaders left to compile 86
[2020.06.19-11.56.44:939][  0]LogShaderCompilers: Display: Worker (2/5): shaders left to compile 85
[2020.06.19-11.56.44:939][  0]LogShaderCompilers: Display: Worker (4/5): shaders left to compile 84
[2020.06.19-11.56.45:496][  0]LogShaderCompilers: Display: Worker (3/5): shaders left to compile 83
[2020.06.19-11.56.45:496][  0]LogShaderCompilers: Display: Worker (1/5): shaders left to compile 82
[2020.06.19-11.56.45:496][  0]LogShaderCompilers: Display: Worker (5/5): shaders left to compile 81
[2020.06.19-11.56.45:496][  0]LogShaderCompilers: Display: Worker (2/5): shaders left to compile 80
[2020.06.19-11.56.45:496][  0]LogShaderCompilers: Display: Worker (4/5): shaders left to compile 79
[2020.06.19-11.56.45:496][  0]LogShaderCompilers: Display: Worker (1/5): shaders left to compile 78
[2020.06.19-11.56.45:496][  0]LogShaderCompilers: Display: Worker (3/5): shaders left to compile 77
[2020.06.19-11.56.45:496][  0]LogShaderCompilers: Display: Worker (5/5): shaders left to compile 76
[2020.06.19-11.56.45:496][  0]LogShaderCompilers: Display: Worker (2/5): shaders left to compile 75
[2020.06.19-11.56.45:496][  0]LogShaderCompilers: Display: Worker (4/5): shaders left to compile 74
[2020.06.19-11.56.45:496][  0]LogShaderCompilers: Display: Worker (3/5): shaders left to compile 73
[2020.06.19-11.56.45:496][  0]LogShaderCompilers: Display: Worker (1/5): shaders left to compile 72
[2020.06.19-11.56.45:496][  0]LogShaderCompilers: Display: Worker (5/5): shaders left to compile 71
[2020.06.19-11.56.45:496][  0]LogShaderCompilers: Display: Worker (2/5): shaders left to compile 70
[2020.06.19-11.56.45:496][  0]LogShaderCompilers: Display: Worker (4/5): shaders left to compile 69
[2020.06.19-11.56.46:051][  0]LogShaderCompilers: Display: Worker (3/5): shaders left to compile 68
[2020.06.19-11.56.46:051][  0]LogShaderCompilers: Display: Worker (1/5): shaders left to compile 67
[2020.06.19-11.56.46:051][  0]LogShaderCompilers: Display: Worker (5/5): shaders left to compile 66
[2020.06.19-11.56.46:051][  0]LogShaderCompilers: Display: Worker (2/5): shaders left to compile 65
[2020.06.19-11.56.46:051][  0]LogShaderCompilers: Display: Worker (4/5): shaders left to compile 64
[2020.06.19-11.56.46:051][  0]LogShaderCompilers: Display: Worker (3/5): shaders left to compile 63
[2020.06.19-11.56.46:051][  0]LogShaderCompilers: Display: Worker (1/5): shaders left to compile 62
[2020.06.19-11.56.46:051][  0]LogShaderCompilers: Display: Worker (5/5): shaders left to compile 61
[2020.06.19-11.56.46:051][  0]LogShaderCompilers: Display: Worker (2/5): shaders left to compile 60
[2020.06.19-11.56.46:051][  0]LogShaderCompilers: Display: Worker (4/5): shaders left to compile 59
[2020.06.19-11.56.46:051][  0]LogShaderCompilers: Display: Worker (3/5): shaders left to compile 58
[2020.06.19-11.56.46:051][  0]LogShaderCompilers: Display: Worker (1/5): shaders left to compile 57
[2020.06.19-11.56.46:051][  0]LogShaderCompilers: Display: Worker (2/5): shaders left to compile 56
[2020.06.19-11.56.46:051][  0]LogShaderCompilers: Display: Worker (5/5): shaders left to compile 55
[2020.06.19-11.56.46:611][  0]LogShaderCompilers: Display: Worker (4/5): shaders left to compile 54
[2020.06.19-11.56.46:611][  0]LogShaderCompilers: Display: Worker (3/5): shaders left to compile 53
[2020.06.19-11.56.46:611][  0]LogShaderCompilers: Display: Worker (1/5): shaders left to compile 52
[2020.06.19-11.56.46:611][  0]LogShaderCompilers: Display: Worker (5/5): shaders left to compile 51
[2020.06.19-11.56.46:611][  0]LogShaderCompilers: Display: Worker (4/5): shaders left to compile 50
[2020.06.19-11.56.46:611][  0]LogShaderCompilers: Display: Worker (3/5): shaders left to compile 49
[2020.06.19-11.56.46:611][  0]LogShaderCompilers: Display: Worker (2/5): shaders left to compile 48
[2020.06.19-11.56.46:611][  0]LogShaderCompilers: Display: Worker (1/5): shaders left to compile 47
[2020.06.19-11.56.46:611][  0]LogShaderCompilers: Display: Worker (5/5): shaders left to compile 46
[2020.06.19-11.56.46:611][  0]LogShaderCompilers: Display: Worker (4/5): shaders left to compile 45
[2020.06.19-11.56.46:611][  0]LogShaderCompilers: Display: Worker (3/5): shaders left to compile 44
[2020.06.19-11.56.46:611][  0]LogShaderCompilers: Display: Worker (2/5): shaders left to compile 43
[2020.06.19-11.56.46:611][  0]LogShaderCompilers: Display: Worker (1/5): shaders left to compile 42
[2020.06.19-11.56.47:169][  0]LogShaderCompilers: Display: Worker (5/5): shaders left to compile 41
[2020.06.19-11.56.47:169][  0]LogShaderCompilers: Display: Worker (4/5): shaders left to compile 40
[2020.06.19-11.56.47:169][  0]LogShaderCompilers: Display: Worker (2/5): shaders left to compile 39
[2020.06.19-11.56.47:169][  0]LogShaderCompilers: Display: Worker (3/5): shaders left to compile 38
[2020.06.19-11.56.47:169][  0]LogShaderCompilers: Display: Worker (1/5): shaders left to compile 37
[2020.06.19-11.56.47:169][  0]LogShaderCompilers: Display: Worker (4/5): shaders left to compile 36
[2020.06.19-11.56.47:169][  0]LogShaderCompilers: Display: Worker (5/5): shaders left to compile 35
[2020.06.19-11.56.47:169][  0]LogShaderCompilers: Display: Worker (3/5): shaders left to compile 34
[2020.06.19-11.56.47:169][  0]LogShaderCompilers: Display: Worker (2/5): shaders left to compile 33
[2020.06.19-11.56.47:169][  0]LogShaderCompilers: Display: Worker (1/5): shaders left to compile 32
[2020.06.19-11.56.47:169][  0]LogShaderCompilers: Display: Worker (4/5): shaders left to compile 31
[2020.06.19-11.56.47:169][  0]LogShaderCompilers: Display: Worker (5/5): shaders left to compile 30
[2020.06.19-11.56.47:169][  0]LogShaderCompilers: Display: Worker (2/5): shaders left to compile 29
[2020.06.19-11.56.47:169][  0]LogShaderCompilers: Display: Worker (1/5): shaders left to compile 28
[2020.06.19-11.56.47:169][  0]LogShaderCompilers: Display: Worker (3/5): shaders left to compile 27
